# output for command: /apps/gent/RHEL8/cascadelake-ib/software/Python/3.11.3-GCCcore-12.3.0/bin/python -m pip install --prefix=/scratch/gent/vo/001/gvo00117/easybuild/RHEL8/cascadelake-ampere-ib/software/CatBoost/1.2-gfbf-2023a  --no-deps  --ignore-installed  --no-index  --no-build-isolation  .

Processing /tmp/vsc43810/easybuild/build/CatBoost/1.2/gfbf-2023a/CatBoost/catboost-1.2
  Preparing metadata (pyproject.toml): started
  Preparing metadata (pyproject.toml): finished with status 'done'
Building wheels for collected packages: catboost
  Building wheel for catboost (pyproject.toml): started
  Building wheel for catboost (pyproject.toml): finished with status 'error'
  error: subprocess-exited-with-error
  
   Building wheel for catboost (pyproject.toml) did not run successfully.
   exit code: 1
  > [145 lines of output]
      running bdist_wheel
      running build
      running build_py
      creating build
      creating build/lib.linux-x86_64-cpython-311
      creating build/lib.linux-x86_64-cpython-311/catboost
      copying catboost/plot_helpers.py -> build/lib.linux-x86_64-cpython-311/catboost
      copying catboost/metrics.py -> build/lib.linux-x86_64-cpython-311/catboost
      copying catboost/utils.py -> build/lib.linux-x86_64-cpython-311/catboost
      copying catboost/datasets.py -> build/lib.linux-x86_64-cpython-311/catboost
      copying catboost/core.py -> build/lib.linux-x86_64-cpython-311/catboost
      copying catboost/__init__.py -> build/lib.linux-x86_64-cpython-311/catboost
      copying catboost/text_processing.py -> build/lib.linux-x86_64-cpython-311/catboost
      copying catboost/version.py -> build/lib.linux-x86_64-cpython-311/catboost
      copying catboost/dev_utils.py -> build/lib.linux-x86_64-cpython-311/catboost
      copying catboost/monoforest.py -> build/lib.linux-x86_64-cpython-311/catboost
      creating build/lib.linux-x86_64-cpython-311/catboost/eval
      copying catboost/eval/_fold_storage.py -> build/lib.linux-x86_64-cpython-311/catboost/eval
      copying catboost/eval/execution_case.py -> build/lib.linux-x86_64-cpython-311/catboost/eval
      copying catboost/eval/utils.py -> build/lib.linux-x86_64-cpython-311/catboost/eval
      copying catboost/eval/_fold_models_handler.py -> build/lib.linux-x86_64-cpython-311/catboost/eval
      copying catboost/eval/_splitter.py -> build/lib.linux-x86_64-cpython-311/catboost/eval
      copying catboost/eval/catboost_evaluation.py -> build/lib.linux-x86_64-cpython-311/catboost/eval
      copying catboost/eval/log_config.py -> build/lib.linux-x86_64-cpython-311/catboost/eval
      copying catboost/eval/__init__.py -> build/lib.linux-x86_64-cpython-311/catboost/eval
      copying catboost/eval/_fold_model.py -> build/lib.linux-x86_64-cpython-311/catboost/eval
      copying catboost/eval/evaluation_result.py -> build/lib.linux-x86_64-cpython-311/catboost/eval
      copying catboost/eval/factor_utils.py -> build/lib.linux-x86_64-cpython-311/catboost/eval
      copying catboost/eval/_readers.py -> build/lib.linux-x86_64-cpython-311/catboost/eval
      creating build/lib.linux-x86_64-cpython-311/catboost/widget
      copying catboost/widget/callbacks.py -> build/lib.linux-x86_64-cpython-311/catboost/widget
      copying catboost/widget/__init__.py -> build/lib.linux-x86_64-cpython-311/catboost/widget
      copying catboost/widget/metrics_plotter.py -> build/lib.linux-x86_64-cpython-311/catboost/widget
      copying catboost/widget/ipythonwidget.py -> build/lib.linux-x86_64-cpython-311/catboost/widget
      running build_ext
      Buildling _catboost with cmake and ninja
      target_platform=linux-x86_64. Building targets _catboost with PIC
      Running "cmake /tmp/vsc43810/easybuild/build/CatBoost/1.2/gfbf-2023a/CatBoost/catboost-1.2/catboost_all_src -B /tmp/vsc43810/easybuild/build/CatBoost/1.2/gfbf-2023a/CatBoost/catboost-1.2/build/temp.linux-x86_64-cpython-311 -G Ninja -DCMAKE_BUILD_TYPE=Release -DCMAKE_TOOLCHAIN_FILE=/tmp/vsc43810/easybuild/build/CatBoost/1.2/gfbf-2023a/CatBoost/catboost-1.2/catboost_all_src/build/toolchains/clang.toolchain --log-level=VERBOSE -DCMAKE_POSITION_INDEPENDENT_CODE=On -DCATBOOST_COMPONENTS=python-package -DHAVE_CUDA=no -DPython3_ROOT_DIR=/apps/gent/RHEL8/cascadelake-ib/software/Python/3.11.3-GCCcore-12.3.0"
      -- The C compiler identification is Clang 16.0.6
      -- The CXX compiler identification is Clang 16.0.6
      -- The ASM compiler identification is GNU
      -- Found assembler: /apps/gent/RHEL8/cascadelake-ib/software/Clang/16.0.6-GCCcore-12.3.0/bin/clang
      -- Detecting C compiler ABI info
      -- Detecting C compiler ABI info - done
      -- Check for working C compiler: /apps/gent/RHEL8/cascadelake-ib/software/Clang/16.0.6-GCCcore-12.3.0/bin/clang - skipped
      -- Detecting C compile features
      -- Detecting C compile features - done
      -- Detecting CXX compiler ABI info
      -- Detecting CXX compiler ABI info - done
      -- Check for working CXX compiler: /apps/gent/RHEL8/cascadelake-ib/software/Clang/16.0.6-GCCcore-12.3.0/bin/clang++ - skipped
      -- Detecting CXX compile features
      -- Detecting CXX compile features - done
      CMake Deprecation Warning at CMakeLists.txt:26 (cmake_policy):
        The OLD behavior for policy CMP0104 will be removed from a future version
        of CMake.
      
        The cmake-policies(7) manual explains that the OLD behaviors of all
        policies are deprecated and that a policy should be set to OLD only under
        specific short-term circumstances.  Projects should be ported to the NEW
        behavior and not rely on setting a policy to OLD.
      
      
      -- Found Python3: /apps/gent/RHEL8/cascadelake-ib/software/Python/3.11.3-GCCcore-12.3.0/bin/python3.11 (found version "3.11.3") found components: Interpreter
      -- CMAKE_C_FLAGS = "   -fexceptions   -fno-common   -fcolor-diagnostics   -faligned-allocation   -fdebug-default-version=4   -ffunction-sections   -fdata-sections   -Wall   -Wextra   -Wno-parentheses   -Wno-implicit-const-int-float-conversion   -Wno-unknown-warning-option   -pipe   -D_THREAD_SAFE   -D_PTHREADS   -D_REENTRANT   -D_LIBCPP_ENABLE_CXX17_REMOVED_FEATURES   -D_LARGEFILE_SOURCE   -D__STDC_CONSTANT_MACROS   -D__STDC_FORMAT_MACROS   -D__LONG_LONG_SUPPORTED  -D_GNU_SOURCE -DLIBCXX_BUILDING_LIBCXXRT -fuse-init-array -D_FILE_OFFSET_BITS=64 -m64    -msse2     -msse3     -mssse3         -msse4.1       -msse4.2       -mpopcnt      -mcx16 -D_YNDX_LIBUNWIND_ENABLE_EXCEPTION_BACKTRACE     -DSSE_ENABLED=1     -DSSE3_ENABLED=1     -DSSSE3_ENABLED=1         -DSSE41_ENABLED=1       -DSSE42_ENABLED=1       -DPOPCNT_ENABLED=1      -DCX16_ENABLED=1"
      -- CMAKE_CXX_FLAGS = "   -fexceptions   -fno-common   -fcolor-diagnostics   -faligned-allocation   -fdebug-default-version=4   -ffunction-sections   -fdata-sections   -Wall   -Wextra   -Wno-parentheses   -Wno-implicit-const-int-float-conversion   -Wno-unknown-warning-option   -pipe   -D_THREAD_SAFE   -D_PTHREADS   -D_REENTRANT   -D_LIBCPP_ENABLE_CXX17_REMOVED_FEATURES   -D_LARGEFILE_SOURCE   -D__STDC_CONSTANT_MACROS   -D__STDC_FORMAT_MACROS   -D__LONG_LONG_SUPPORTED  -D_GNU_SOURCE -DLIBCXX_BUILDING_LIBCXXRT -fuse-init-array -D_FILE_OFFSET_BITS=64 -m64    -msse2     -msse3     -mssse3         -msse4.1       -msse4.2       -mpopcnt      -mcx16 -D_YNDX_LIBUNWIND_ENABLE_EXCEPTION_BACKTRACE   -Woverloaded-virtual   -Wimport-preprocessor-directive-pedantic   -Wno-undefined-var-template   -Wno-return-std-move   -Wno-defaulted-function-deleted   -Wno-pessimizing-move   -Wno-deprecated-anon-enum-enum-conversion   -Wno-deprecated-enum-enum-conversion   -Wno-deprecated-enum-float-conversion   -Wno-ambiguous-reversed-operator   -Wno-deprecated-volatile      -DSSE_ENABLED=1     -DSSE3_ENABLED=1     -DSSSE3_ENABLED=1         -DSSE41_ENABLED=1       -DSSE42_ENABLED=1       -DPOPCNT_ENABLED=1      -DCX16_ENABLED=1"
      -- Conan: checking conan executable
      -- Conan: Found program /scratch/gent/vo/001/gvo00117/easybuild/RHEL8/cascadelake-ampere-ib/software/conan/2.0.9-GCCcore-12.3.0/bin/conan
      -- Conan: Version found Conan version 2.0.9
      -- Conan executing: /scratch/gent/vo/001/gvo00117/easybuild/RHEL8/cascadelake-ampere-ib/software/conan/2.0.9-GCCcore-12.3.0/bin/conan install /tmp/vsc43810/easybuild/build/CatBoost/1.2/gfbf-2023a/CatBoost/catboost-1.2/catboost_all_src --remote conancenter --install-folder /tmp/vsc43810/easybuild/build/CatBoost/1.2/gfbf-2023a/CatBoost/catboost-1.2/build/temp.linux-x86_64-cpython-311 --build missing --env CONAN_CMAKE_GENERATOR=Ninja --settings build_type=Release --settings compiler=clang --settings compiler.version=16 --settings compiler.libcxx=libstdc++11 --settings compiler.cppstd=20 --conf tools.cmake.cmaketoolchain:generator=Ninja
      usage: conan install [-h] [-v [V]] [-f FORMAT] [--name NAME] [--version VERSION] [--user USER] [--channel CHANNEL] [--requires REQUIRES] [--tool-requires TOOL_REQUIRES] [-b BUILD]
                           [-r REMOTE | -nr] [-u] [-o OPTIONS_HOST] [-o:b OPTIONS_BUILD] [-o:h OPTIONS_HOST] [-pr PROFILE_HOST] [-pr:b PROFILE_BUILD] [-pr:h PROFILE_HOST]
                           [-s SETTINGS_HOST] [-s:b SETTINGS_BUILD] [-s:h SETTINGS_HOST] [-c CONF_HOST] [-c:b CONF_BUILD] [-c:h CONF_HOST] [-l LOCKFILE] [--lockfile-partial]
                           [--lockfile-out LOCKFILE_OUT] [--lockfile-packages] [--lockfile-clean] [--lockfile-overrides LOCKFILE_OVERRIDES] [-g GENERATOR] [-of OUTPUT_FOLDER]
                           [-d DEPLOYER] [--deployer-folder DEPLOYER_FOLDER] [--build-require]
                           [path]
      conan install: error: unrecognized arguments: --install-folder /tmp/vsc43810/easybuild/build/CatBoost/1.2/gfbf-2023a/CatBoost/catboost-1.2/build/temp.linux-x86_64-cpython-311 --env CONAN_CMAKE_GENERATOR=Ninja
      ERROR: Exiting with code: 2
      CMake Error at cmake/conan.cmake:668 (message):
        Conan install failed='2'
      Call Stack (most recent call first):
        CMakeLists.txt:44 (conan_cmake_install)
      
      
      -- Configuring incomplete, errors occurred!
      Traceback (most recent call last):
        File "/apps/gent/RHEL8/cascadelake-ib/software/Python/3.11.3-GCCcore-12.3.0/lib/python3.11/site-packages/pip/_vendor/pyproject_hooks/_in_process/_in_process.py", line 353, in <module>
          main()
        File "/apps/gent/RHEL8/cascadelake-ib/software/Python/3.11.3-GCCcore-12.3.0/lib/python3.11/site-packages/pip/_vendor/pyproject_hooks/_in_process/_in_process.py", line 335, in main
          json_out['return_val'] = hook(**hook_input['kwargs'])
                                   ^^^^^^^^^^^^^^^^^^^^^^^^^^^^
        File "/apps/gent/RHEL8/cascadelake-ib/software/Python/3.11.3-GCCcore-12.3.0/lib/python3.11/site-packages/pip/_vendor/pyproject_hooks/_in_process/_in_process.py", line 251, in build_wheel
          return _build_backend().build_wheel(wheel_directory, config_settings,
                 ^^^^^^^^^^^^^^^^^^^^^^^^^^^^^^^^^^^^^^^^^^^^^^^^^^^^^^^^^^^^^^
        File "/scratch/gent/vo/001/gvo00117/easybuild/RHEL8/cascadelake-ampere-ib/software/CatBoost/1.2-gfbf-2023a/lib/python3.11/site-packages/setuptools/build_meta.py", line 416, in build_wheel
          return self._build_with_temp_dir(['bdist_wheel'], '.whl',
                 ^^^^^^^^^^^^^^^^^^^^^^^^^^^^^^^^^^^^^^^^^^^^^^^^^^
        File "/scratch/gent/vo/001/gvo00117/easybuild/RHEL8/cascadelake-ampere-ib/software/CatBoost/1.2-gfbf-2023a/lib/python3.11/site-packages/setuptools/build_meta.py", line 401, in _build_with_temp_dir
          self.run_setup()
        File "/scratch/gent/vo/001/gvo00117/easybuild/RHEL8/cascadelake-ampere-ib/software/CatBoost/1.2-gfbf-2023a/lib/python3.11/site-packages/setuptools/build_meta.py", line 488, in run_setup
          self).run_setup(setup_script=setup_script)
                ^^^^^^^^^^^^^^^^^^^^^^^^^^^^^^^^^^^^
        File "/scratch/gent/vo/001/gvo00117/easybuild/RHEL8/cascadelake-ampere-ib/software/CatBoost/1.2-gfbf-2023a/lib/python3.11/site-packages/setuptools/build_meta.py", line 338, in run_setup
          exec(code, locals())
        File "<string>", line 723, in <module>
        File "/scratch/gent/vo/001/gvo00117/easybuild/RHEL8/cascadelake-ampere-ib/software/CatBoost/1.2-gfbf-2023a/lib/python3.11/site-packages/setuptools/__init__.py", line 107, in setup
          return distutils.core.setup(**attrs)
                 ^^^^^^^^^^^^^^^^^^^^^^^^^^^^^
        File "/scratch/gent/vo/001/gvo00117/easybuild/RHEL8/cascadelake-ampere-ib/software/CatBoost/1.2-gfbf-2023a/lib/python3.11/site-packages/setuptools/_distutils/core.py", line 185, in setup
          return run_commands(dist)
                 ^^^^^^^^^^^^^^^^^^
        File "/scratch/gent/vo/001/gvo00117/easybuild/RHEL8/cascadelake-ampere-ib/software/CatBoost/1.2-gfbf-2023a/lib/python3.11/site-packages/setuptools/_distutils/core.py", line 201, in run_commands
          dist.run_commands()
        File "/scratch/gent/vo/001/gvo00117/easybuild/RHEL8/cascadelake-ampere-ib/software/CatBoost/1.2-gfbf-2023a/lib/python3.11/site-packages/setuptools/_distutils/dist.py", line 969, in run_commands
          self.run_command(cmd)
        File "/scratch/gent/vo/001/gvo00117/easybuild/RHEL8/cascadelake-ampere-ib/software/CatBoost/1.2-gfbf-2023a/lib/python3.11/site-packages/setuptools/dist.py", line 1244, in run_command
          super().run_command(command)
        File "/scratch/gent/vo/001/gvo00117/easybuild/RHEL8/cascadelake-ampere-ib/software/CatBoost/1.2-gfbf-2023a/lib/python3.11/site-packages/setuptools/_distutils/dist.py", line 988, in run_command
          cmd_obj.run()
        File "<string>", line 389, in run
        File "/apps/gent/RHEL8/cascadelake-ib/software/Python/3.11.3-GCCcore-12.3.0/lib/python3.11/site-packages/wheel/bdist_wheel.py", line 343, in run
          self.run_command("build")
        File "/scratch/gent/vo/001/gvo00117/easybuild/RHEL8/cascadelake-ampere-ib/software/CatBoost/1.2-gfbf-2023a/lib/python3.11/site-packages/setuptools/_distutils/cmd.py", line 318, in run_command
          self.distribution.run_command(command)
        File "/scratch/gent/vo/001/gvo00117/easybuild/RHEL8/cascadelake-ampere-ib/software/CatBoost/1.2-gfbf-2023a/lib/python3.11/site-packages/setuptools/dist.py", line 1244, in run_command
          super().run_command(command)
        File "/scratch/gent/vo/001/gvo00117/easybuild/RHEL8/cascadelake-ampere-ib/software/CatBoost/1.2-gfbf-2023a/lib/python3.11/site-packages/setuptools/_distutils/dist.py", line 988, in run_command
          cmd_obj.run()
        File "<string>", line 324, in run
        File "/scratch/gent/vo/001/gvo00117/easybuild/RHEL8/cascadelake-ampere-ib/software/CatBoost/1.2-gfbf-2023a/lib/python3.11/site-packages/setuptools/_distutils/command/build.py", line 131, in run
          self.run_command(cmd_name)
        File "/scratch/gent/vo/001/gvo00117/easybuild/RHEL8/cascadelake-ampere-ib/software/CatBoost/1.2-gfbf-2023a/lib/python3.11/site-packages/setuptools/_distutils/cmd.py", line 318, in run_command
          self.distribution.run_command(command)
        File "/scratch/gent/vo/001/gvo00117/easybuild/RHEL8/cascadelake-ampere-ib/software/CatBoost/1.2-gfbf-2023a/lib/python3.11/site-packages/setuptools/dist.py", line 1244, in run_command
          super().run_command(command)
        File "/scratch/gent/vo/001/gvo00117/easybuild/RHEL8/cascadelake-ampere-ib/software/CatBoost/1.2-gfbf-2023a/lib/python3.11/site-packages/setuptools/_distutils/dist.py", line 988, in run_command
          cmd_obj.run()
        File "<string>", line 436, in run
        File "<string>", line 454, in build_with_cmake_and_ninja
        File "/tmp/vsc43810/easybuild/build/CatBoost/1.2/gfbf-2023a/CatBoost/catboost-1.2/catboost_all_src/build/build_native.py", line 517, in build
          cmd_runner.run(cmake_cmd, env=build_environ)
        File "/tmp/vsc43810/easybuild/build/CatBoost/1.2/gfbf-2023a/CatBoost/catboost-1.2/catboost_all_src/build/build_native.py", line 164, in run
          subprocess.run(cmd, check=True, **subprocess_run_kwargs)
        File "/apps/gent/RHEL8/cascadelake-ib/software/Python/3.11.3-GCCcore-12.3.0/lib/python3.11/subprocess.py", line 571, in run
          raise CalledProcessError(retcode, process.args,
      subprocess.CalledProcessError: Command '['cmake', '/tmp/vsc43810/easybuild/build/CatBoost/1.2/gfbf-2023a/CatBoost/catboost-1.2/catboost_all_src', '-B', '/tmp/vsc43810/easybuild/build/CatBoost/1.2/gfbf-2023a/CatBoost/catboost-1.2/build/temp.linux-x86_64-cpython-311', '-G', 'Ninja', '-DCMAKE_BUILD_TYPE=Release', '-DCMAKE_TOOLCHAIN_FILE=/tmp/vsc43810/easybuild/build/CatBoost/1.2/gfbf-2023a/CatBoost/catboost-1.2/catboost_all_src/build/toolchains/clang.toolchain', '--log-level=VERBOSE', '-DCMAKE_POSITION_INDEPENDENT_CODE=On', '-DCATBOOST_COMPONENTS=python-package', '-DHAVE_CUDA=no', '-DPython3_ROOT_DIR=/apps/gent/RHEL8/cascadelake-ib/software/Python/3.11.3-GCCcore-12.3.0']' returned non-zero exit status 1.
      [end of output]
  
  note: This error originates from a subprocess, and is likely not a problem with pip.
  ERROR: Failed building wheel for catboost
Failed to build catboost
ERROR: Could not build wheels for catboost, which is required to install pyproject.toml-based projects
