== 2022-07-07 17:36:17,894 easyblock.py:303 INFO This is EasyBuild 4.5.6.dev0-r7883ec75c40b700d042e3e37acaed6bc7b4bbfe1 (framework: 4.5.4.dev0-rd559852df0618afeba101601360e98ee4f005ff6, easyblocks: 4.5.6.dev0-r7883ec75c40b700d042e3e37acaed6bc7b4bbfe1) on host node3702.slaking.os.
== 2022-07-07 17:36:17,895 easyblock.py:309 INFO This is easyblock CMakeMake from module easybuild.easyblocks.generic.cmakemake (/user/gent/445/vsc44588/easybuild/easybuild-easyblocks/easybuild/easyblocks/generic/cmakemake.py)
== 2022-07-07 17:36:17,895 easyblock.py:967 INFO Build dir set to /tmp/vsc44588/easybuild/build/Raven/1.8.1/GCC-11.2.0
== 2022-07-07 17:36:17,895 easyblock.py:1024 INFO Software install dir set to /scratch/gent/vo/001/gvo00117/easybuild/RHEL8/haswell-ib/software/Raven/1.8.1-GCC-11.2.0
== 2022-07-07 17:36:17,895 easyblock.py:1029 INFO Module install dir set to /scratch/gent/vo/001/gvo00117/easybuild/RHEL8/haswell-ib/modules/all
== 2022-07-07 17:36:17,896 easyblock.py:278 INFO Init completed for application name Raven version 1.8.1
== 2022-07-07 17:36:17,896 easyblock.py:4020 INFO Obtained application instance of for Raven (easyblock: CMakeMake)
== 2022-07-07 17:36:17,896 easyconfig.py:1686 INFO Generating template values...
== 2022-07-07 17:36:17,897 easyconfig.py:1705 INFO Template values: arch='x86_64', bitbucket_account='raven', github_account='raven', module_name='Raven/1.8.1-GCC-11.2.0', name='Raven', nameletter='R', nameletterlower='r', namelower='raven', pymajver='3', pyminver='9', pyshortver='3.9', pyver='3.9.6', toolchain_name='GCC', toolchain_version='11.2.0', version='1.8.1', version_major='1', version_major_minor='1.8', version_minor='8', versionprefix='', versionsuffix=''
== 2022-07-07 17:36:17,899 one.py:175 INFO Skipping reformatting value for parameter 'toolchain'
== 2022-07-07 17:36:17,900 filetools.py:1882 INFO Creating directory /tmp/vsc44588/eb-zmprg4uc/reprod_20220707173617_1275222 (parents: True, set_gid: False, sticky: False)
== 2022-07-07 17:36:17,901 easyblock.py:4274 INFO Dumped easyconfig instance to /tmp/vsc44588/eb-zmprg4uc/reprod_20220707173617_1275222/Raven-1.8.1-GCC-11.2.0.eb
== 2022-07-07 17:36:17,904 filetools.py:1882 INFO Creating directory /tmp/vsc44588/eb-zmprg4uc/reprod_20220707173617_1275222/easyblocks (parents: True, set_gid: False, sticky: False)
== 2022-07-07 17:36:17,942 filetools.py:2395 INFO /user/gent/445/vsc44588/easybuild/easybuild-easyblocks/easybuild/easyblocks/generic/configuremake.py copied to /tmp/vsc44588/eb-zmprg4uc/reprod_20220707173617_1275222/easyblocks/configuremake.py
== 2022-07-07 17:36:17,942 easyblock.py:4254 INFO Dumped easyblock configuremake.py required for reproduction to /tmp/vsc44588/eb-zmprg4uc/reprod_20220707173617_1275222/easyblocks
== 2022-07-07 17:36:17,962 filetools.py:2395 INFO /user/gent/445/vsc44588/easybuild/easybuild-easyblocks/easybuild/easyblocks/generic/cmakemake.py copied to /tmp/vsc44588/eb-zmprg4uc/reprod_20220707173617_1275222/easyblocks/cmakemake.py
== 2022-07-07 17:36:17,962 easyblock.py:4254 INFO Dumped easyblock cmakemake.py required for reproduction to /tmp/vsc44588/eb-zmprg4uc/reprod_20220707173617_1275222/easyblocks
== 2022-07-07 17:36:17,965 easyblock.py:2096 INFO Number of iterations to perform for central part of installation procedure: 1
== 2022-07-07 17:36:17,967 build_log.py:265 INFO building and installing Raven/1.8.1-GCC-11.2.0...
== 2022-07-07 17:36:17,981 filetools.py:1975 INFO Lock /scratch/gent/vo/001/gvo00117/easybuild/RHEL8/haswell-ib/software/.locks/_scratch_gent_vo_001_gvo00117_easybuild_RHEL8_haswell-ib_software_Raven_1.8.1-GCC-11.2.0.lock does not exist
== 2022-07-07 17:36:17,981 filetools.py:1916 INFO Creating lock at /scratch/gent/vo/001/gvo00117/easybuild/RHEL8/haswell-ib/software/.locks/_scratch_gent_vo_001_gvo00117_easybuild_RHEL8_haswell-ib_software_Raven_1.8.1-GCC-11.2.0.lock...
== 2022-07-07 17:36:17,981 filetools.py:1882 INFO Creating directory /scratch/gent/vo/001/gvo00117/easybuild/RHEL8/haswell-ib/software/.locks/_scratch_gent_vo_001_gvo00117_easybuild_RHEL8_haswell-ib_software_Raven_1.8.1-GCC-11.2.0.lock (parents: True, set_gid: False, sticky: False)
== 2022-07-07 17:36:17,984 filetools.py:1925 INFO Lock created: /scratch/gent/vo/001/gvo00117/easybuild/RHEL8/haswell-ib/software/.locks/_scratch_gent_vo_001_gvo00117_easybuild_RHEL8_haswell-ib_software_Raven_1.8.1-GCC-11.2.0.lock
== 2022-07-07 17:36:17,984 build_log.py:265 INFO fetching files...
== 2022-07-07 17:36:17,990 easyblock.py:3746 INFO Starting fetch step
== 2022-07-07 17:36:17,990 easyconfig.py:1686 INFO Generating template values...
== 2022-07-07 17:36:17,991 easyconfig.py:1705 INFO Template values: arch='x86_64', bitbucket_account='raven', builddir='/tmp/vsc44588/easybuild/build/Raven/1.8.1/GCC-11.2.0', github_account='raven', installdir='/scratch/gent/vo/001/gvo00117/easybuild/RHEL8/haswell-ib/software/Raven/1.8.1-GCC-11.2.0', module_name='Raven/1.8.1-GCC-11.2.0', name='Raven', nameletter='R', nameletterlower='r', namelower='raven', pymajver='3', pyminver='9', pyshortver='3.9', pyver='3.9.6', toolchain_name='GCC', toolchain_version='11.2.0', version='1.8.1', version_major='1', version_major_minor='1.8', version_minor='8', versionprefix='', versionsuffix=''
== 2022-07-07 17:36:17,991 easyblock.py:3754 INFO Running method fetch_step part of step fetch
== 2022-07-07 17:36:17,991 easyblock.py:2218 WARNING Easyconfig does not specify an EasyBuild-version (key 'easybuild_version')! Assuming the latest version
== 2022-07-07 17:36:17,993 tools.py:271 INFO Found location to 'eb' script via $EB_SCRIPT_PATH: /user/gent/445/vsc44588/easybuild/easybuild-framework/eb
== 2022-07-07 17:36:17,994 tools.py:287 INFO Not considering /user/gent/445/vsc44588/easybuild (no easybuild/easyconfigs subdir found)
== 2022-07-07 17:36:17,994 tools.py:295 INFO Also considering installation prefix /kyukon/home/gent/445/vsc44588/easybuild (via resolved path to 'eb')...
== 2022-07-07 17:36:18,034 easyblock.py:780 INFO Found file 1.8.1.tar.gz at /data/gent/vo/001/gvo00117/easybuild/sources/r/Raven/1.8.1.tar.gz
== 2022-07-07 17:36:18,034 easyblock.py:451 INFO Added sources: [{'name': '1.8.1.tar.gz', 'path': '/data/gent/vo/001/gvo00117/easybuild/sources/r/Raven/1.8.1.tar.gz', 'cmd': None, 'checksum': None, 'finalpath': '/tmp/vsc44588/easybuild/build/Raven/1.8.1/GCC-11.2.0'}]
== 2022-07-07 17:36:18,034 easyblock.py:2261 INFO no patches provided
== 2022-07-07 17:36:18,074 easyblock.py:2271 INFO md5 checksum for /data/gent/vo/001/gvo00117/easybuild/sources/r/Raven/1.8.1.tar.gz: 1090e73fc3a9ecc7933a4136e75d9d4f
== 2022-07-07 17:36:18,086 easyblock.py:2271 INFO sha256 checksum for /data/gent/vo/001/gvo00117/easybuild/sources/r/Raven/1.8.1.tar.gz: 00009e9027761fa28313db4e2b5c5f40ebc10e6631b43b755e321ac6bbcc2c06
== 2022-07-07 17:36:18,103 tools.py:271 INFO Found location to 'eb' script via $EB_SCRIPT_PATH: /user/gent/445/vsc44588/easybuild/easybuild-framework/eb
== 2022-07-07 17:36:18,103 tools.py:287 INFO Not considering /user/gent/445/vsc44588/easybuild (no easybuild/easyconfigs subdir found)
== 2022-07-07 17:36:18,103 tools.py:295 INFO Also considering installation prefix /kyukon/home/gent/445/vsc44588/easybuild (via resolved path to 'eb')...
== 2022-07-07 17:36:18,105 easyblock.py:780 INFO Found file 1.8.1.tar.gz at /data/gent/vo/001/gvo00117/easybuild/sources/r/Raven/1.8.1.tar.gz
== 2022-07-07 17:36:18,113 easyblock.py:630 INFO md5 checksum for /data/gent/vo/001/gvo00117/easybuild/sources/r/Raven/1.8.1.tar.gz: 1090e73fc3a9ecc7933a4136e75d9d4f
== 2022-07-07 17:36:18,125 easyblock.py:630 INFO sha256 checksum for /data/gent/vo/001/gvo00117/easybuild/sources/r/Raven/1.8.1.tar.gz: 00009e9027761fa28313db4e2b5c5f40ebc10e6631b43b755e321ac6bbcc2c06
== 2022-07-07 17:36:18,125 easyblock.py:636 INFO Checksum for extension source 1.8.1.tar.gz verified
== 2022-07-07 17:36:18,125 easyblock.py:485 INFO Fetched extension patches: []
== 2022-07-07 17:36:18,126 easyblock.py:2306 INFO Checking dirs that need to be created: ['/scratch/gent/vo/001/gvo00117/easybuild/RHEL8/haswell-ib/software/Raven/1.8.1-GCC-11.2.0', '/scratch/gent/vo/001/gvo00117/easybuild/RHEL8/haswell-ib/modules/all/Raven', '/scratch/gent/vo/001/gvo00117/easybuild/RHEL8/haswell-ib/modules/bio/Raven']
== 2022-07-07 17:36:18,161 configuremake.py:95 INFO config.guess version: 2018-08-29 (last updated: 2022-06-15T16:37:47.932312, SHA256 checksum: c02eb9cc55c86cfd1e9a794e548d25db5c9539e7b2154beb649bc6e2cbffc74c)
== 2022-07-07 17:36:18,161 configuremake.py:150 INFO Found config.guess at /data/gent/vo/001/gvo00117/easybuild/sources/generic/eb_v4.5.6.dev0/ConfigureMake/config.guess
== 2022-07-07 17:36:18,161 build_log.py:265 INFO ... (took < 1 sec)
== 2022-07-07 17:36:18,168 build_log.py:265 INFO creating build dir, resetting environment...
== 2022-07-07 17:36:18,174 easyblock.py:3746 INFO Starting ready step
== 2022-07-07 17:36:18,174 easyconfig.py:1686 INFO Generating template values...
== 2022-07-07 17:36:18,175 easyconfig.py:1705 INFO Template values: arch='x86_64', bitbucket_account='raven', builddir='/tmp/vsc44588/easybuild/build/Raven/1.8.1/GCC-11.2.0', github_account='raven', installdir='/scratch/gent/vo/001/gvo00117/easybuild/RHEL8/haswell-ib/software/Raven/1.8.1-GCC-11.2.0', module_name='Raven/1.8.1-GCC-11.2.0', name='Raven', nameletter='R', nameletterlower='r', namelower='raven', pymajver='3', pyminver='9', pyshortver='3.9', pyver='3.9.6', toolchain_name='GCC', toolchain_version='11.2.0', version='1.8.1', version_major='1', version_major_minor='1.8', version_minor='8', versionprefix='', versionsuffix=''
== 2022-07-07 17:36:18,175 easyblock.py:3754 INFO Running method check_readiness_step part of step ready
== 2022-07-07 17:36:18,184 run.py:233 INFO running cmd: ulimit -u 
== 2022-07-07 17:36:18,192 easyblock.py:2115 INFO Setting parallelism: 8
== 2022-07-07 17:36:18,292 easyblock.py:2167 WARNING Loaded modules detected: ['cluster/slaking']
== 2022-07-07 17:36:18,293 easyblock.py:3754 INFO Running method make_builddir part of step ready
== 2022-07-07 17:36:18,293 easyblock.py:1049 INFO Found old directory /tmp/vsc44588/easybuild/build/Raven/1.8.1/GCC-11.2.0
== 2022-07-07 17:36:18,528 filetools.py:382 INFO Path /tmp/vsc44588/easybuild/build/Raven/1.8.1/GCC-11.2.0 successfully removed.
== 2022-07-07 17:36:18,529 easyblock.py:1057 INFO Removed old directory /tmp/vsc44588/easybuild/build/Raven/1.8.1/GCC-11.2.0
== 2022-07-07 17:36:18,529 filetools.py:1882 INFO Creating directory /tmp/vsc44588/easybuild/build/Raven/1.8.1/GCC-11.2.0 (parents: True, set_gid: False, sticky: False)
== 2022-07-07 17:36:18,536 easyblock.py:3754 INFO Running method reset_env part of step ready
== 2022-07-07 17:36:18,537 easyblock.py:3754 INFO Running method handle_iterate_opts part of step ready
== 2022-07-07 17:36:18,537 easyconfig.py:1686 INFO Generating template values...
== 2022-07-07 17:36:18,538 easyconfig.py:1705 INFO Template values: arch='x86_64', bitbucket_account='raven', builddir='/tmp/vsc44588/easybuild/build/Raven/1.8.1/GCC-11.2.0', github_account='raven', installdir='/scratch/gent/vo/001/gvo00117/easybuild/RHEL8/haswell-ib/software/Raven/1.8.1-GCC-11.2.0', module_name='Raven/1.8.1-GCC-11.2.0', name='Raven', nameletter='R', nameletterlower='r', namelower='raven', parallel='8', pymajver='3', pyminver='9', pyshortver='3.9', pyver='3.9.6', toolchain_name='GCC', toolchain_version='11.2.0', version='1.8.1', version_major='1', version_major_minor='1.8', version_minor='8', versionprefix='', versionsuffix=''
== 2022-07-07 17:36:18,539 build_log.py:265 INFO ... (took < 1 sec)
== 2022-07-07 17:36:18,545 build_log.py:265 INFO unpacking...
== 2022-07-07 17:36:18,551 easyblock.py:3746 INFO Starting source step
== 2022-07-07 17:36:18,551 easyconfig.py:1686 INFO Generating template values...
== 2022-07-07 17:36:18,552 easyconfig.py:1705 INFO Template values: arch='x86_64', bitbucket_account='raven', builddir='/tmp/vsc44588/easybuild/build/Raven/1.8.1/GCC-11.2.0', github_account='raven', installdir='/scratch/gent/vo/001/gvo00117/easybuild/RHEL8/haswell-ib/software/Raven/1.8.1-GCC-11.2.0', module_name='Raven/1.8.1-GCC-11.2.0', name='Raven', nameletter='R', nameletterlower='r', namelower='raven', parallel='8', pymajver='3', pyminver='9', pyshortver='3.9', pyver='3.9.6', toolchain_name='GCC', toolchain_version='11.2.0', version='1.8.1', version_major='1', version_major_minor='1.8', version_minor='8', versionprefix='', versionsuffix=''
== 2022-07-07 17:36:18,552 easyblock.py:3754 INFO Running method checksum_step part of step source
== 2022-07-07 17:36:18,552 easyblock.py:2324 INFO Checksum verification for /data/gent/vo/001/gvo00117/easybuild/sources/r/Raven/1.8.1.tar.gz using None passed.
== 2022-07-07 17:36:18,552 easyblock.py:3754 INFO Running method extract_step part of step source
== 2022-07-07 17:36:18,552 easyblock.py:2416 INFO Unpacking source 1.8.1.tar.gz
== 2022-07-07 17:36:18,563 run.py:233 INFO running cmd: tar xzf /data/gent/vo/001/gvo00117/easybuild/sources/r/Raven/1.8.1.tar.gz 
== 2022-07-07 17:36:18,611 build_log.py:265 INFO ... (took < 1 sec)
== 2022-07-07 17:36:18,618 build_log.py:265 INFO patching...
== 2022-07-07 17:36:18,624 easyblock.py:3746 INFO Starting patch step
== 2022-07-07 17:36:18,624 easyconfig.py:1686 INFO Generating template values...
== 2022-07-07 17:36:18,625 easyconfig.py:1705 INFO Template values: arch='x86_64', bitbucket_account='raven', builddir='/tmp/vsc44588/easybuild/build/Raven/1.8.1/GCC-11.2.0', github_account='raven', installdir='/scratch/gent/vo/001/gvo00117/easybuild/RHEL8/haswell-ib/software/Raven/1.8.1-GCC-11.2.0', module_name='Raven/1.8.1-GCC-11.2.0', name='Raven', nameletter='R', nameletterlower='r', namelower='raven', parallel='8', pymajver='3', pyminver='9', pyshortver='3.9', pyver='3.9.6', toolchain_name='GCC', toolchain_version='11.2.0', version='1.8.1', version_major='1', version_major_minor='1.8', version_minor='8', versionprefix='', versionsuffix=''
== 2022-07-07 17:36:18,625 easyblock.py:3754 INFO Running method patch_step part of step patch
== 2022-07-07 17:36:18,625 build_log.py:265 INFO ... (took < 1 sec)
== 2022-07-07 17:36:18,632 build_log.py:265 INFO preparing...
== 2022-07-07 17:36:18,638 easyblock.py:3746 INFO Starting prepare step
== 2022-07-07 17:36:18,638 easyconfig.py:1686 INFO Generating template values...
== 2022-07-07 17:36:18,638 easyconfig.py:1705 INFO Template values: arch='x86_64', bitbucket_account='raven', builddir='/tmp/vsc44588/easybuild/build/Raven/1.8.1/GCC-11.2.0', github_account='raven', installdir='/scratch/gent/vo/001/gvo00117/easybuild/RHEL8/haswell-ib/software/Raven/1.8.1-GCC-11.2.0', module_name='Raven/1.8.1-GCC-11.2.0', name='Raven', nameletter='R', nameletterlower='r', namelower='raven', parallel='8', pymajver='3', pyminver='9', pyshortver='3.9', pyver='3.9.6', toolchain_name='GCC', toolchain_version='11.2.0', version='1.8.1', version_major='1', version_major_minor='1.8', version_minor='8', versionprefix='', versionsuffix=''
== 2022-07-07 17:36:18,639 easyblock.py:3754 INFO Running method prepare_step part of step prepare
== 2022-07-07 17:36:18,641 modules.py:626 INFO Checking whether CMake/3.22.1-GCCcore-11.2.0 exists...
== 2022-07-07 17:36:18,641 modules.py:631 INFO Module CMake/3.22.1-GCCcore-11.2.0 exists (found in list of available modules)
== 2022-07-07 17:36:18,641 modules.py:654 INFO Result for existence check of CMake/3.22.1-GCCcore-11.2.0 module: True
== 2022-07-07 17:36:18,641 modules.py:626 INFO Checking whether Python/3.9.6-GCCcore-11.2.0 exists...
== 2022-07-07 17:36:18,641 modules.py:631 INFO Module Python/3.9.6-GCCcore-11.2.0 exists (found in list of available modules)
== 2022-07-07 17:36:18,642 modules.py:654 INFO Result for existence check of Python/3.9.6-GCCcore-11.2.0 module: True
== 2022-07-07 17:36:18,642 modules.py:626 INFO Checking whether zlib/1.2.11-GCCcore-11.2.0 exists...
== 2022-07-07 17:36:18,642 modules.py:631 INFO Module zlib/1.2.11-GCCcore-11.2.0 exists (found in list of available modules)
== 2022-07-07 17:36:18,642 modules.py:654 INFO Result for existence check of zlib/1.2.11-GCCcore-11.2.0 module: True
== 2022-07-07 17:36:18,642 modules.py:626 INFO Checking whether GCC/11.2.0 exists...
== 2022-07-07 17:36:18,642 modules.py:634 INFO Module GCC/11.2.0 not found in list of available modules, checking via 'module show'...
== 2022-07-07 17:36:20,485 modules.py:654 INFO Result for existence check of GCC/11.2.0 module: True
== 2022-07-07 17:36:22,297 environment.py:91 INFO Environment variable LD_LIBRARY_PATH set to /apps/gent/RHEL8/haswell-ib/software/libarchive/3.5.1-GCCcore-11.2.0/lib:/apps/gent/RHEL8/haswell-ib/software/XZ/5.2.5-GCCcore-11.2.0/lib:/apps/gent/RHEL8/haswell-ib/software/cURL/7.78.0-GCCcore-11.2.0/lib:/apps/gent/RHEL8/haswell-ib/software/OpenSSL/1.1/lib:/apps/gent/RHEL8/haswell-ib/software/bzip2/1.0.8-GCCcore-11.2.0/lib:/apps/gent/RHEL8/haswell-ib/software/ncurses/6.2-GCCcore-11.2.0/lib:/apps/gent/RHEL8/haswell-ib/software/binutils/2.37-GCCcore-11.2.0/lib:/apps/gent/RHEL8/haswell-ib/software/zlib/1.2.11-GCCcore-11.2.0/lib:/apps/gent/RHEL8/haswell-ib/software/GCCcore/11.2.0/lib64 (previous value: '/apps/gent/RHEL8/haswell-ib/software/libarchive/3.5.1-GCCcore-11.2.0/lib:/apps/gent/RHEL8/haswell-ib/software/XZ/5.2.5-GCCcore-11.2.0/lib:/apps/gent/RHEL8/haswell-ib/software/cURL/7.78.0-GCCcore-11.2.0/lib:/apps/gent/RHEL8/haswell-ib/software/OpenSSL/1.1/lib:/apps/gent/RHEL8/haswell-ib/software/bzip2/1.0.8-GCCcore-11.2.0/lib:/apps/gent/RHEL8/haswell-ib/software/ncurses/6.2-GCCcore-11.2.0/lib')
== 2022-07-07 17:36:23,049 environment.py:91 INFO Environment variable LD_LIBRARY_PATH set to /apps/gent/RHEL8/haswell-ib/software/Python/3.9.6-GCCcore-11.2.0/lib:/apps/gent/RHEL8/haswell-ib/software/libffi/3.4.2-GCCcore-11.2.0/lib64:/apps/gent/RHEL8/haswell-ib/software/GMP/6.2.1-GCCcore-11.2.0/lib:/apps/gent/RHEL8/haswell-ib/software/SQLite/3.36-GCCcore-11.2.0/lib:/apps/gent/RHEL8/haswell-ib/software/Tcl/8.6.11-GCCcore-11.2.0/lib:/apps/gent/RHEL8/haswell-ib/software/libreadline/8.1-GCCcore-11.2.0/lib:/apps/gent/RHEL8/haswell-ib/software/libarchive/3.5.1-GCCcore-11.2.0/lib:/apps/gent/RHEL8/haswell-ib/software/XZ/5.2.5-GCCcore-11.2.0/lib:/apps/gent/RHEL8/haswell-ib/software/cURL/7.78.0-GCCcore-11.2.0/lib:/apps/gent/RHEL8/haswell-ib/software/OpenSSL/1.1/lib:/apps/gent/RHEL8/haswell-ib/software/bzip2/1.0.8-GCCcore-11.2.0/lib:/apps/gent/RHEL8/haswell-ib/software/ncurses/6.2-GCCcore-11.2.0/lib:/apps/gent/RHEL8/haswell-ib/software/binutils/2.37-GCCcore-11.2.0/lib:/apps/gent/RHEL8/haswell-ib/software/zlib/1.2.11-GCCcore-11.2.0/lib:/apps/gent/RHEL8/haswell-ib/software/GCCcore/11.2.0/lib64 (previous value: '/apps/gent/RHEL8/haswell-ib/software/Python/3.9.6-GCCcore-11.2.0/lib:/apps/gent/RHEL8/haswell-ib/software/libffi/3.4.2-GCCcore-11.2.0/lib64:/apps/gent/RHEL8/haswell-ib/software/GMP/6.2.1-GCCcore-11.2.0/lib:/apps/gent/RHEL8/haswell-ib/software/SQLite/3.36-GCCcore-11.2.0/lib:/apps/gent/RHEL8/haswell-ib/software/Tcl/8.6.11-GCCcore-11.2.0/lib:/apps/gent/RHEL8/haswell-ib/software/libreadline/8.1-GCCcore-11.2.0/lib')
== 2022-07-07 17:36:23,720 environment.py:91 INFO Environment variable LD_LIBRARY_PATH set to /apps/gent/RHEL8/haswell-ib/software/Python/3.9.6-GCCcore-11.2.0/lib:/apps/gent/RHEL8/haswell-ib/software/libffi/3.4.2-GCCcore-11.2.0/lib64:/apps/gent/RHEL8/haswell-ib/software/GMP/6.2.1-GCCcore-11.2.0/lib:/apps/gent/RHEL8/haswell-ib/software/SQLite/3.36-GCCcore-11.2.0/lib:/apps/gent/RHEL8/haswell-ib/software/Tcl/8.6.11-GCCcore-11.2.0/lib:/apps/gent/RHEL8/haswell-ib/software/libreadline/8.1-GCCcore-11.2.0/lib:/apps/gent/RHEL8/haswell-ib/software/libarchive/3.5.1-GCCcore-11.2.0/lib:/apps/gent/RHEL8/haswell-ib/software/XZ/5.2.5-GCCcore-11.2.0/lib:/apps/gent/RHEL8/haswell-ib/software/cURL/7.78.0-GCCcore-11.2.0/lib:/apps/gent/RHEL8/haswell-ib/software/OpenSSL/1.1/lib:/apps/gent/RHEL8/haswell-ib/software/bzip2/1.0.8-GCCcore-11.2.0/lib:/apps/gent/RHEL8/haswell-ib/software/ncurses/6.2-GCCcore-11.2.0/lib:/apps/gent/RHEL8/haswell-ib/software/binutils/2.37-GCCcore-11.2.0/lib:/apps/gent/RHEL8/haswell-ib/software/zlib/1.2.11-GCCcore-11.2.0/lib:/apps/gent/RHEL8/haswell-ib/software/GCCcore/11.2.0/lib64 (previous value: '/apps/gent/RHEL8/haswell-ib/software/zlib/1.2.11-GCCcore-11.2.0/lib')
== 2022-07-07 17:36:23,755 modules.py:626 INFO Checking whether GCC/11.2.0 exists...
== 2022-07-07 17:36:23,755 modules.py:634 INFO Module GCC/11.2.0 not found in list of available modules, checking via 'module show'...
== 2022-07-07 17:36:23,756 modules.py:654 INFO Result for existence check of GCC/11.2.0 module: True
== 2022-07-07 17:36:23,758 toolchain.py:760 INFO List of toolchain dependency modules and toolchain definition match!
== 2022-07-07 17:36:23,763 compiler.py:361 INFO _set_optimal_architecture: using march=native as optarch for x86_64.
== 2022-07-07 17:36:23,773 variables.py:201 WARNING flags_for_subdirs: directory /apps/gent/RHEL8/haswell-ib/software/CMake/3.22.1-GCCcore-11.2.0/include was not found
== 2022-07-07 17:36:23,773 variables.py:201 WARNING flags_for_subdirs: directory /apps/gent/RHEL8/haswell-ib/software/CMake/3.22.1-GCCcore-11.2.0/lib64 was not found
== 2022-07-07 17:36:23,774 variables.py:201 WARNING flags_for_subdirs: directory /apps/gent/RHEL8/haswell-ib/software/CMake/3.22.1-GCCcore-11.2.0/lib was not found
== 2022-07-07 17:36:23,781 environment.py:91 INFO Environment variable CC set to gcc (previously undefined)
== 2022-07-07 17:36:23,781 environment.py:91 INFO Environment variable EBVARCC set to gcc (previously undefined)
== 2022-07-07 17:36:23,781 environment.py:91 INFO Environment variable CFLAGS set to -O2 -ftree-vectorize -march=native -fno-math-errno (previously undefined)
== 2022-07-07 17:36:23,782 environment.py:91 INFO Environment variable EBVARCFLAGS set to -O2 -ftree-vectorize -march=native -fno-math-errno (previously undefined)
== 2022-07-07 17:36:23,782 environment.py:91 INFO Environment variable CPPFLAGS set to -I/apps/gent/RHEL8/haswell-ib/software/zlib/1.2.11-GCCcore-11.2.0/include -I/apps/gent/RHEL8/haswell-ib/software/Python/3.9.6-GCCcore-11.2.0/include (previously undefined)
== 2022-07-07 17:36:23,782 environment.py:91 INFO Environment variable EBVARCPPFLAGS set to -I/apps/gent/RHEL8/haswell-ib/software/zlib/1.2.11-GCCcore-11.2.0/include -I/apps/gent/RHEL8/haswell-ib/software/Python/3.9.6-GCCcore-11.2.0/include (previously undefined)
== 2022-07-07 17:36:23,782 environment.py:91 INFO Environment variable CXX set to g++ (previously undefined)
== 2022-07-07 17:36:23,782 environment.py:91 INFO Environment variable EBVARCXX set to g++ (previously undefined)
== 2022-07-07 17:36:23,783 environment.py:91 INFO Environment variable CXXFLAGS set to -O2 -ftree-vectorize -march=native -fno-math-errno (previously undefined)
== 2022-07-07 17:36:23,783 environment.py:91 INFO Environment variable EBVARCXXFLAGS set to -O2 -ftree-vectorize -march=native -fno-math-errno (previously undefined)
== 2022-07-07 17:36:23,783 environment.py:91 INFO Environment variable F77 set to gfortran (previously undefined)
== 2022-07-07 17:36:23,783 environment.py:91 INFO Environment variable EBVARF77 set to gfortran (previously undefined)
== 2022-07-07 17:36:23,783 environment.py:91 INFO Environment variable F90 set to gfortran (previously undefined)
== 2022-07-07 17:36:23,783 environment.py:91 INFO Environment variable EBVARF90 set to gfortran (previously undefined)
== 2022-07-07 17:36:23,784 environment.py:91 INFO Environment variable F90FLAGS set to -O2 -ftree-vectorize -march=native -fno-math-errno (previously undefined)
== 2022-07-07 17:36:23,784 environment.py:91 INFO Environment variable EBVARF90FLAGS set to -O2 -ftree-vectorize -march=native -fno-math-errno (previously undefined)
== 2022-07-07 17:36:23,784 environment.py:91 INFO Environment variable FC set to gfortran (previously undefined)
== 2022-07-07 17:36:23,784 environment.py:91 INFO Environment variable EBVARFC set to gfortran (previously undefined)
== 2022-07-07 17:36:23,784 environment.py:91 INFO Environment variable FCFLAGS set to -O2 -ftree-vectorize -march=native -fno-math-errno (previously undefined)
== 2022-07-07 17:36:23,785 environment.py:91 INFO Environment variable EBVARFCFLAGS set to -O2 -ftree-vectorize -march=native -fno-math-errno (previously undefined)
== 2022-07-07 17:36:23,785 environment.py:91 INFO Environment variable FFLAGS set to -O2 -ftree-vectorize -march=native -fno-math-errno (previously undefined)
== 2022-07-07 17:36:23,785 environment.py:91 INFO Environment variable EBVARFFLAGS set to -O2 -ftree-vectorize -march=native -fno-math-errno (previously undefined)
== 2022-07-07 17:36:23,785 environment.py:91 INFO Environment variable FLIBS set to -lgfortran (previously undefined)
== 2022-07-07 17:36:23,785 environment.py:91 INFO Environment variable EBVARFLIBS set to -lgfortran (previously undefined)
== 2022-07-07 17:36:23,785 environment.py:91 INFO Environment variable LDFLAGS set to -L/apps/gent/RHEL8/haswell-ib/software/zlib/1.2.11-GCCcore-11.2.0/lib64 -L/apps/gent/RHEL8/haswell-ib/software/zlib/1.2.11-GCCcore-11.2.0/lib -L/apps/gent/RHEL8/haswell-ib/software/Python/3.9.6-GCCcore-11.2.0/lib64 -L/apps/gent/RHEL8/haswell-ib/software/Python/3.9.6-GCCcore-11.2.0/lib -L/apps/gent/RHEL8/haswell-ib/software/GCCcore/11.2.0/lib64 -L/apps/gent/RHEL8/haswell-ib/software/GCCcore/11.2.0/lib (previously undefined)
== 2022-07-07 17:36:23,786 environment.py:91 INFO Environment variable EBVARLDFLAGS set to -L/apps/gent/RHEL8/haswell-ib/software/zlib/1.2.11-GCCcore-11.2.0/lib64 -L/apps/gent/RHEL8/haswell-ib/software/zlib/1.2.11-GCCcore-11.2.0/lib -L/apps/gent/RHEL8/haswell-ib/software/Python/3.9.6-GCCcore-11.2.0/lib64 -L/apps/gent/RHEL8/haswell-ib/software/Python/3.9.6-GCCcore-11.2.0/lib -L/apps/gent/RHEL8/haswell-ib/software/GCCcore/11.2.0/lib64 -L/apps/gent/RHEL8/haswell-ib/software/GCCcore/11.2.0/lib (previously undefined)
== 2022-07-07 17:36:23,786 environment.py:91 INFO Environment variable LIBS set to -lm -lpthread (previously undefined)
== 2022-07-07 17:36:23,786 environment.py:91 INFO Environment variable EBVARLIBS set to -lm -lpthread (previously undefined)
== 2022-07-07 17:36:23,786 environment.py:91 INFO Environment variable OPTFLAGS set to -O2 -ftree-vectorize -march=native (previously undefined)
== 2022-07-07 17:36:23,786 environment.py:91 INFO Environment variable EBVAROPTFLAGS set to -O2 -ftree-vectorize -march=native (previously undefined)
== 2022-07-07 17:36:23,786 environment.py:91 INFO Environment variable PRECFLAGS set to -fno-math-errno (previously undefined)
== 2022-07-07 17:36:23,787 environment.py:91 INFO Environment variable EBVARPRECFLAGS set to -fno-math-errno (previously undefined)
== 2022-07-07 17:36:23,787 easyblock.py:1999 INFO Using /tmp/vsc44588/easybuild/build/Raven/1.8.1/GCC-11.2.0/raven-1.8.1/ as start dir
== 2022-07-07 17:36:23,787 build_log.py:265 INFO ... (took 5 secs)
== 2022-07-07 17:36:23,794 build_log.py:265 INFO configuring...
== 2022-07-07 17:36:23,800 easyblock.py:3746 INFO Starting configure step
== 2022-07-07 17:36:23,800 easyconfig.py:1686 INFO Generating template values...
== 2022-07-07 17:36:23,801 easyconfig.py:1705 INFO Template values: arch='x86_64', bitbucket_account='raven', builddir='/tmp/vsc44588/easybuild/build/Raven/1.8.1/GCC-11.2.0', github_account='raven', installdir='/scratch/gent/vo/001/gvo00117/easybuild/RHEL8/haswell-ib/software/Raven/1.8.1-GCC-11.2.0', module_name='Raven/1.8.1-GCC-11.2.0', name='Raven', nameletter='R', nameletterlower='r', namelower='raven', parallel='8', pymajver='3', pyminver='9', pyshortver='3.9', pyver='3.9.6', toolchain_name='GCC', toolchain_version='11.2.0', version='1.8.1', version_major='1', version_major_minor='1.8', version_minor='8', versionprefix='', versionsuffix=''
== 2022-07-07 17:36:23,801 easyblock.py:3754 INFO Running method configure_step part of step configure
== 2022-07-07 17:36:23,801 environment.py:91 INFO Environment variable CMAKE_INCLUDE_PATH set to /apps/gent/RHEL8/haswell-ib/software/Python/3.9.6-GCCcore-11.2.0/include:/apps/gent/RHEL8/haswell-ib/software/zlib/1.2.11-GCCcore-11.2.0/include:/apps/gent/RHEL8/haswell-ib/software/libffi/3.4.2-GCCcore-11.2.0/include:/apps/gent/RHEL8/haswell-ib/software/GMP/6.2.1-GCCcore-11.2.0/include:/apps/gent/RHEL8/haswell-ib/software/SQLite/3.36-GCCcore-11.2.0/include:/apps/gent/RHEL8/haswell-ib/software/Tcl/8.6.11-GCCcore-11.2.0/include:/apps/gent/RHEL8/haswell-ib/software/libreadline/8.1-GCCcore-11.2.0/include:/apps/gent/RHEL8/haswell-ib/software/libarchive/3.5.1-GCCcore-11.2.0/include:/apps/gent/RHEL8/haswell-ib/software/XZ/5.2.5-GCCcore-11.2.0/include:/apps/gent/RHEL8/haswell-ib/software/cURL/7.78.0-GCCcore-11.2.0/include:/apps/gent/RHEL8/haswell-ib/software/OpenSSL/1.1/include:/apps/gent/RHEL8/haswell-ib/software/bzip2/1.0.8-GCCcore-11.2.0/include:/apps/gent/RHEL8/haswell-ib/software/ncurses/6.2-GCCcore-11.2.0/include:/apps/gent/RHEL8/haswell-ib/software/binutils/2.37-GCCcore-11.2.0/include (previously undefined)
== 2022-07-07 17:36:23,801 environment.py:91 INFO Environment variable CMAKE_LIBRARY_PATH set to /apps/gent/RHEL8/haswell-ib/software/GCCcore/11.2.0/lib64:/apps/gent/RHEL8/haswell-ib/software/GCCcore/11.2.0/lib:/apps/gent/RHEL8/haswell-ib/software/Python/3.9.6-GCCcore-11.2.0/lib64:/apps/gent/RHEL8/haswell-ib/software/Python/3.9.6-GCCcore-11.2.0/lib:/apps/gent/RHEL8/haswell-ib/software/zlib/1.2.11-GCCcore-11.2.0/lib64:/apps/gent/RHEL8/haswell-ib/software/zlib/1.2.11-GCCcore-11.2.0/lib:/apps/gent/RHEL8/haswell-ib/software/libffi/3.4.2-GCCcore-11.2.0/lib64:/apps/gent/RHEL8/haswell-ib/software/GMP/6.2.1-GCCcore-11.2.0/lib:/apps/gent/RHEL8/haswell-ib/software/SQLite/3.36-GCCcore-11.2.0/lib:/apps/gent/RHEL8/haswell-ib/software/Tcl/8.6.11-GCCcore-11.2.0/lib:/apps/gent/RHEL8/haswell-ib/software/libreadline/8.1-GCCcore-11.2.0/lib:/apps/gent/RHEL8/haswell-ib/software/libarchive/3.5.1-GCCcore-11.2.0/lib:/apps/gent/RHEL8/haswell-ib/software/XZ/5.2.5-GCCcore-11.2.0/lib:/apps/gent/RHEL8/haswell-ib/software/cURL/7.78.0-GCCcore-11.2.0/lib:/apps/gent/RHEL8/haswell-ib/software/OpenSSL/1.1/lib:/apps/gent/RHEL8/haswell-ib/software/bzip2/1.0.8-GCCcore-11.2.0/lib:/apps/gent/RHEL8/haswell-ib/software/ncurses/6.2-GCCcore-11.2.0/lib:/apps/gent/RHEL8/haswell-ib/software/binutils/2.37-GCCcore-11.2.0/lib (previous value: '/apps/gent/RHEL8/haswell-ib/software/libffi/3.4.2-GCCcore-11.2.0/lib64:/apps/gent/RHEL8/haswell-ib/software/GCCcore/11.2.0/lib64')
== 2022-07-07 17:36:23,811 run.py:233 INFO running cmd:  cmake -DCMAKE_INSTALL_PREFIX=/scratch/gent/vo/001/gvo00117/easybuild/RHEL8/haswell-ib/software/Raven/1.8.1-GCC-11.2.0 -DCMAKE_BUILD_TYPE=Release -DCMAKE_C_COMPILER='gcc' -DCMAKE_C_FLAGS='-O2 -ftree-vectorize -march=native -fno-math-errno' -DCMAKE_CXX_COMPILER='g++' -DCMAKE_CXX_FLAGS='-O2 -ftree-vectorize -march=native -fno-math-errno' -DCMAKE_Fortran_COMPILER='gfortran' -DCMAKE_Fortran_FLAGS='-O2 -ftree-vectorize -march=native -fno-math-errno' -DCMAKE_VERBOSE_MAKEFILE=ON -DCMAKE_FIND_USE_PACKAGE_REGISTRY=FALSE  /tmp/vsc44588/easybuild/build/Raven/1.8.1/GCC-11.2.0/raven-1.8.1/ 
== 2022-07-07 17:36:51,475 run.py:623 INFO cmd " cmake -DCMAKE_INSTALL_PREFIX=/scratch/gent/vo/001/gvo00117/easybuild/RHEL8/haswell-ib/software/Raven/1.8.1-GCC-11.2.0 -DCMAKE_BUILD_TYPE=Release -DCMAKE_C_COMPILER='gcc' -DCMAKE_C_FLAGS='-O2 -ftree-vectorize -march=native -fno-math-errno' -DCMAKE_CXX_COMPILER='g++' -DCMAKE_CXX_FLAGS='-O2 -ftree-vectorize -march=native -fno-math-errno' -DCMAKE_Fortran_COMPILER='gfortran' -DCMAKE_Fortran_FLAGS='-O2 -ftree-vectorize -march=native -fno-math-errno' -DCMAKE_VERBOSE_MAKEFILE=ON -DCMAKE_FIND_USE_PACKAGE_REGISTRY=FALSE  /tmp/vsc44588/easybuild/build/Raven/1.8.1/GCC-11.2.0/raven-1.8.1/" exited with exit code 0 and output:
-- The CXX compiler identification is GNU 11.2.0
-- Detecting CXX compiler ABI info
-- Detecting CXX compiler ABI info - done
-- Check for working CXX compiler: /apps/gent/RHEL8/haswell-ib/software/GCCcore/11.2.0/bin/g++ - skipped
-- Detecting CXX compile features
-- Detecting CXX compile features - done
-- Found ZLIB: /apps/gent/RHEL8/haswell-ib/software/zlib/1.2.11-GCCcore-11.2.0/lib/libz.so (found suitable version "1.2.11", minimum required is "1.2.8") 
CMake Deprecation Warning at /tmp/vsc44588/easybuild/build/Raven/1.8.1/GCC-11.2.0/easybuild_obj/_deps/cereal-src/CMakeLists.txt:1 (cmake_minimum_required):
  Compatibility with CMake < 2.8.12 will be removed from a future version of
  CMake.

  Update the VERSION argument <min> value or use a ...<max> suffix to tell
  CMake that the project does not need compatibility with older versions.


CMake Warning (dev) at /tmp/vsc44588/easybuild/build/Raven/1.8.1/GCC-11.2.0/easybuild_obj/_deps/cereal-src/CMakeLists.txt:2 (project):
  Policy CMP0048 is not set: project() command manages VERSION variables.
  Run "cmake --help-policy CMP0048" for policy details.  Use the cmake_policy
  command to set the policy and suppress this warning.

  The following variable(s) would be set to empty:

    PROJECT_VERSION
    PROJECT_VERSION_MAJOR
    PROJECT_VERSION_MINOR
    PROJECT_VERSION_PATCH
This warning is for project developers.  Use -Wno-dev to suppress it.

-- The C compiler identification is GNU 11.2.0
-- Detecting C compiler ABI info
-- Detecting C compiler ABI info - done
-- Check for working C compiler: /apps/gent/RHEL8/haswell-ib/software/GCCcore/11.2.0/bin/gcc - skipped
-- Detecting C compile features
-- Detecting C compile features - done
-- Could NOT find Boost (missing: Boost_INCLUDE_DIR serialization) 
-- optional.cpp
-- variant.cpp
-- Found Doxygen: /usr/bin/doxygen (found version "1.8.14") found components: doxygen dot 
Setting warning flags
-- Performing Test WOLD_STYLE_CAST
-- Performing Test WOLD_STYLE_CAST - Success
-- Performing Test WSHADOW
-- Performing Test WSHADOW - Success
-- Looking for C++ include pthread.h
-- Looking for C++ include pthread.h - found
-- Performing Test CMAKE_HAVE_LIBC_PTHREAD
-- Performing Test CMAKE_HAVE_LIBC_PTHREAD - Failed
-- Check if compiler accepts -pthread
-- Check if compiler accepts -pthread - yes
-- Found Threads: TRUE  
-- Performing Test COMPILER_HAS_HIDDEN_VISIBILITY
-- Performing Test COMPILER_HAS_HIDDEN_VISIBILITY - Success
-- Performing Test COMPILER_HAS_HIDDEN_INLINE_VISIBILITY
-- Performing Test COMPILER_HAS_HIDDEN_INLINE_VISIBILITY - Success
-- Performing Test COMPILER_HAS_DEPRECATED_ATTR
-- Performing Test COMPILER_HAS_DEPRECATED_ATTR - Success
-- Configuring done
CMake Warning (dev) at /tmp/vsc44588/easybuild/build/Raven/1.8.1/GCC-11.2.0/easybuild_obj/_deps/edlib-src/CMakeLists.txt:54 (add_library):
  Policy CMP0063 is not set: Honor visibility properties for all target
  types.  Run "cmake --help-policy CMP0063" for policy details.  Use the
  cmake_policy command to set the policy and suppress this warning.

  Target "edlib" of type "STATIC_LIBRARY" has the following visibility
  properties set for CXX:

    CXX_VISIBILITY_PRESET
    VISIBILITY_INLINES_HIDDEN

  For compatibility CMake is not honoring them for this target.
This warning is for project developers.  Use -Wno-dev to suppress it.

CMake Warning (dev) at /tmp/vsc44588/easybuild/build/Raven/1.8.1/GCC-11.2.0/easybuild_obj/_deps/edlib-src/CMakeLists.txt:81 (add_executable):
  Policy CMP0063 is not set: Honor visibility properties for all target
  types.  Run "cmake --help-policy CMP0063" for policy details.  Use the
  cmake_policy command to set the policy and suppress this warning.

  Target "runTests" of type "EXECUTABLE" has the following visibility
  properties set for CXX:

    VISIBILITY_INLINES_HIDDEN

  For compatibility CMake is not honoring them for this target.
This warning is for project developers.  Use -Wno-dev to suppress it.

CMake Warning (dev) at /tmp/vsc44588/easybuild/build/Raven/1.8.1/GCC-11.2.0/easybuild_obj/_deps/edlib-src/CMakeLists.txt:89 (add_executable):
  Policy CMP0063 is not set: Honor visibility properties for all target
  types.  Run "cmake --help-policy CMP0063" for policy details.  Use the
  cmake_policy command to set the policy and suppress this warning.

  Target "edlib-aligner" of type "EXECUTABLE" has the following visibility
  properties set for CXX:

    VISIBILITY_INLINES_HIDDEN

  For compatibility CMake is not honoring them for this target.
This warning is for project developers.  Use -Wno-dev to suppress it.

-- Generating done
CMake Warning:
  Manually-specified variables were not used by the project:

    CMAKE_Fortran_COMPILER
    CMAKE_Fortran_FLAGS


-- Build files have been written to: /tmp/vsc44588/easybuild/build/Raven/1.8.1/GCC-11.2.0/easybuild_obj

== 2022-07-07 17:36:51,476 run.py:676 INFO parse_log_for_error msg: Command used:  cmake -DCMAKE_INSTALL_PREFIX=/scratch/gent/vo/001/gvo00117/easybuild/RHEL8/haswell-ib/software/Raven/1.8.1-GCC-11.2.0 -DCMAKE_BUILD_TYPE=Release -DCMAKE_C_COMPILER='gcc' -DCMAKE_C_FLAGS='-O2 -ftree-vectorize -march=native -fno-math-errno' -DCMAKE_CXX_COMPILER='g++' -DCMAKE_CXX_FLAGS='-O2 -ftree-vectorize -march=native -fno-math-errno' -DCMAKE_Fortran_COMPILER='gfortran' -DCMAKE_Fortran_FLAGS='-O2 -ftree-vectorize -march=native -fno-math-errno' -DCMAKE_VERBOSE_MAKEFILE=ON -DCMAKE_FIND_USE_PACKAGE_REGISTRY=FALSE  /tmp/vsc44588/easybuild/build/Raven/1.8.1/GCC-11.2.0/raven-1.8.1/
== 2022-07-07 17:36:51,476 run.py:678 INFO parse_log_for_error (some may be harmless) regExp (?<![(,-]|\w)(?:error|segmentation fault|failed)(?![(,-]|\.?\w) found:
-- Performing Test CMAKE_HAVE_LIBC_PTHREAD - Failed
== 2022-07-07 17:36:51,477 run.py:635 WARNING Found 1 errors in command output (output: -- Performing Test CMAKE_HAVE_LIBC_PTHREAD - Failed)
== 2022-07-07 17:36:51,477 build_log.py:265 INFO ... (took 27 secs)
== 2022-07-07 17:36:51,483 build_log.py:265 INFO building...
== 2022-07-07 17:36:51,488 easyblock.py:3746 INFO Starting build step
== 2022-07-07 17:36:51,489 easyconfig.py:1686 INFO Generating template values...
== 2022-07-07 17:36:51,490 easyconfig.py:1705 INFO Template values: arch='x86_64', bitbucket_account='raven', builddir='/tmp/vsc44588/easybuild/build/Raven/1.8.1/GCC-11.2.0', github_account='raven', installdir='/scratch/gent/vo/001/gvo00117/easybuild/RHEL8/haswell-ib/software/Raven/1.8.1-GCC-11.2.0', module_name='Raven/1.8.1-GCC-11.2.0', name='Raven', nameletter='R', nameletterlower='r', namelower='raven', parallel='8', pymajver='3', pyminver='9', pyshortver='3.9', pyver='3.9.6', toolchain_name='GCC', toolchain_version='11.2.0', version='1.8.1', version_major='1', version_major_minor='1.8', version_minor='8', versionprefix='', versionsuffix=''
== 2022-07-07 17:36:51,490 easyblock.py:3754 INFO Running method build_step part of step build
== 2022-07-07 17:36:51,490 configuremake.py:340 INFO Building target ''
== 2022-07-07 17:36:51,498 run.py:233 INFO running cmd:  make  -j 8  
== 2022-07-07 17:37:09,186 run.py:623 INFO cmd " make  -j 8 " exited with exit code 0 and output:
/kyukon/home/apps/RHEL8/haswell-ib/software/CMake/3.22.1-GCCcore-11.2.0/bin/cmake -S/tmp/vsc44588/easybuild/build/Raven/1.8.1/GCC-11.2.0/raven-1.8.1 -B/tmp/vsc44588/easybuild/build/Raven/1.8.1/GCC-11.2.0/easybuild_obj --check-build-system CMakeFiles/Makefile.cmake 0
/kyukon/home/apps/RHEL8/haswell-ib/software/CMake/3.22.1-GCCcore-11.2.0/bin/cmake -E cmake_progress_start /tmp/vsc44588/easybuild/build/Raven/1.8.1/GCC-11.2.0/easybuild_obj/CMakeFiles /tmp/vsc44588/easybuild/build/Raven/1.8.1/GCC-11.2.0/easybuild_obj//CMakeFiles/progress.marks
make  -f CMakeFiles/Makefile2 all
make[1]: Entering directory '/tmp/vsc44588/easybuild/build/Raven/1.8.1/GCC-11.2.0/easybuild_obj'
make  -f _deps/spoa-build/CMakeFiles/spoa.dir/build.make _deps/spoa-build/CMakeFiles/spoa.dir/depend
make  -f _deps/edlib-build/CMakeFiles/edlib.dir/build.make _deps/edlib-build/CMakeFiles/edlib.dir/depend
make  -f _deps/ram-build/CMakeFiles/ram.dir/build.make _deps/ram-build/CMakeFiles/ram.dir/depend
make[2]: Entering directory '/tmp/vsc44588/easybuild/build/Raven/1.8.1/GCC-11.2.0/easybuild_obj'
cd /tmp/vsc44588/easybuild/build/Raven/1.8.1/GCC-11.2.0/easybuild_obj && /kyukon/home/apps/RHEL8/haswell-ib/software/CMake/3.22.1-GCCcore-11.2.0/bin/cmake -E cmake_depends "Unix Makefiles" /tmp/vsc44588/easybuild/build/Raven/1.8.1/GCC-11.2.0/raven-1.8.1 /tmp/vsc44588/easybuild/build/Raven/1.8.1/GCC-11.2.0/easybuild_obj/_deps/edlib-src /tmp/vsc44588/easybuild/build/Raven/1.8.1/GCC-11.2.0/easybuild_obj /tmp/vsc44588/easybuild/build/Raven/1.8.1/GCC-11.2.0/easybuild_obj/_deps/edlib-build /tmp/vsc44588/easybuild/build/Raven/1.8.1/GCC-11.2.0/easybuild_obj/_deps/edlib-build/CMakeFiles/edlib.dir/DependInfo.cmake --color=
make[2]: Entering directory '/tmp/vsc44588/easybuild/build/Raven/1.8.1/GCC-11.2.0/easybuild_obj'
cd /tmp/vsc44588/easybuild/build/Raven/1.8.1/GCC-11.2.0/easybuild_obj && /kyukon/home/apps/RHEL8/haswell-ib/software/CMake/3.22.1-GCCcore-11.2.0/bin/cmake -E cmake_depends "Unix Makefiles" /tmp/vsc44588/easybuild/build/Raven/1.8.1/GCC-11.2.0/raven-1.8.1 /tmp/vsc44588/easybuild/build/Raven/1.8.1/GCC-11.2.0/easybuild_obj/_deps/spoa-src /tmp/vsc44588/easybuild/build/Raven/1.8.1/GCC-11.2.0/easybuild_obj /tmp/vsc44588/easybuild/build/Raven/1.8.1/GCC-11.2.0/easybuild_obj/_deps/spoa-build /tmp/vsc44588/easybuild/build/Raven/1.8.1/GCC-11.2.0/easybuild_obj/_deps/spoa-build/CMakeFiles/spoa.dir/DependInfo.cmake --color=
make[2]: Entering directory '/tmp/vsc44588/easybuild/build/Raven/1.8.1/GCC-11.2.0/easybuild_obj'
cd /tmp/vsc44588/easybuild/build/Raven/1.8.1/GCC-11.2.0/easybuild_obj && /kyukon/home/apps/RHEL8/haswell-ib/software/CMake/3.22.1-GCCcore-11.2.0/bin/cmake -E cmake_depends "Unix Makefiles" /tmp/vsc44588/easybuild/build/Raven/1.8.1/GCC-11.2.0/raven-1.8.1 /tmp/vsc44588/easybuild/build/Raven/1.8.1/GCC-11.2.0/easybuild_obj/_deps/ram-src /tmp/vsc44588/easybuild/build/Raven/1.8.1/GCC-11.2.0/easybuild_obj /tmp/vsc44588/easybuild/build/Raven/1.8.1/GCC-11.2.0/easybuild_obj/_deps/ram-build /tmp/vsc44588/easybuild/build/Raven/1.8.1/GCC-11.2.0/easybuild_obj/_deps/ram-build/CMakeFiles/ram.dir/DependInfo.cmake --color=
make[2]: Leaving directory '/tmp/vsc44588/easybuild/build/Raven/1.8.1/GCC-11.2.0/easybuild_obj'
make  -f _deps/edlib-build/CMakeFiles/edlib.dir/build.make _deps/edlib-build/CMakeFiles/edlib.dir/build
make[2]: Leaving directory '/tmp/vsc44588/easybuild/build/Raven/1.8.1/GCC-11.2.0/easybuild_obj'
make  -f _deps/spoa-build/CMakeFiles/spoa.dir/build.make _deps/spoa-build/CMakeFiles/spoa.dir/build
make[2]: Leaving directory '/tmp/vsc44588/easybuild/build/Raven/1.8.1/GCC-11.2.0/easybuild_obj'
make  -f _deps/ram-build/CMakeFiles/ram.dir/build.make _deps/ram-build/CMakeFiles/ram.dir/build
make[2]: Entering directory '/tmp/vsc44588/easybuild/build/Raven/1.8.1/GCC-11.2.0/easybuild_obj'
make[2]: Entering directory '/tmp/vsc44588/easybuild/build/Raven/1.8.1/GCC-11.2.0/easybuild_obj'
make[2]: Entering directory '/tmp/vsc44588/easybuild/build/Raven/1.8.1/GCC-11.2.0/easybuild_obj'
[  0%] Building CXX object _deps/ram-build/CMakeFiles/ram.dir/src/minimizer_engine.cpp.o
cd /tmp/vsc44588/easybuild/build/Raven/1.8.1/GCC-11.2.0/easybuild_obj/_deps/ram-build && /apps/gent/RHEL8/haswell-ib/software/GCCcore/11.2.0/bin/g++  -I/tmp/vsc44588/easybuild/build/Raven/1.8.1/GCC-11.2.0/easybuild_obj/_deps/ram-src/include -I/tmp/vsc44588/easybuild/build/Raven/1.8.1/GCC-11.2.0/easybuild_obj/_deps/biosoup-src/include -I/tmp/vsc44588/easybuild/build/Raven/1.8.1/GCC-11.2.0/easybuild_obj/_deps/thread_pool-src/include -O2 -ftree-vectorize -march=native -fno-math-errno -Wall -Wextra -pedantic -Wall -Wextra -pedantic -O3 -DNDEBUG -fvisibility-inlines-hidden -pthread -std=c++11 -MD -MT _deps/ram-build/CMakeFiles/ram.dir/src/minimizer_engine.cpp.o -MF CMakeFiles/ram.dir/src/minimizer_engine.cpp.o.d -o CMakeFiles/ram.dir/src/minimizer_engine.cpp.o -c /tmp/vsc44588/easybuild/build/Raven/1.8.1/GCC-11.2.0/easybuild_obj/_deps/ram-src/src/minimizer_engine.cpp
[  0%] Building CXX object _deps/spoa-build/CMakeFiles/spoa.dir/src/alignment_engine.cpp.o
cd /tmp/vsc44588/easybuild/build/Raven/1.8.1/GCC-11.2.0/easybuild_obj/_deps/spoa-build && /apps/gent/RHEL8/haswell-ib/software/GCCcore/11.2.0/bin/g++  -I/tmp/vsc44588/easybuild/build/Raven/1.8.1/GCC-11.2.0/easybuild_obj/_deps/spoa-src/include -O2 -ftree-vectorize -march=native -fno-math-errno -Wall -Wextra -pedantic -Wall -Wextra -pedantic -Wno-aligned-new -Wno-ignored-attributes -march=native -O3 -DNDEBUG -fvisibility-inlines-hidden -std=c++11 -MD -MT _deps/spoa-build/CMakeFiles/spoa.dir/src/alignment_engine.cpp.o -MF CMakeFiles/spoa.dir/src/alignment_engine.cpp.o.d -o CMakeFiles/spoa.dir/src/alignment_engine.cpp.o -c /tmp/vsc44588/easybuild/build/Raven/1.8.1/GCC-11.2.0/easybuild_obj/_deps/spoa-src/src/alignment_engine.cpp
[ 12%] Building CXX object _deps/spoa-build/CMakeFiles/spoa.dir/src/graph.cpp.o
[ 12%] Building CXX object _deps/spoa-build/CMakeFiles/spoa.dir/src/simd_alignment_engine_dispatcher.cpp.o
cd /tmp/vsc44588/easybuild/build/Raven/1.8.1/GCC-11.2.0/easybuild_obj/_deps/spoa-build && /apps/gent/RHEL8/haswell-ib/software/GCCcore/11.2.0/bin/g++  -I/tmp/vsc44588/easybuild/build/Raven/1.8.1/GCC-11.2.0/easybuild_obj/_deps/spoa-src/include -O2 -ftree-vectorize -march=native -fno-math-errno -Wall -Wextra -pedantic -Wall -Wextra -pedantic -Wno-aligned-new -Wno-ignored-attributes -march=native -O3 -DNDEBUG -fvisibility-inlines-hidden -std=c++11 -MD -MT _deps/spoa-build/CMakeFiles/spoa.dir/src/graph.cpp.o -MF CMakeFiles/spoa.dir/src/graph.cpp.o.d -o CMakeFiles/spoa.dir/src/graph.cpp.o -c /tmp/vsc44588/easybuild/build/Raven/1.8.1/GCC-11.2.0/easybuild_obj/_deps/spoa-src/src/graph.cpp
cd /tmp/vsc44588/easybuild/build/Raven/1.8.1/GCC-11.2.0/easybuild_obj/_deps/spoa-build && /apps/gent/RHEL8/haswell-ib/software/GCCcore/11.2.0/bin/g++  -I/tmp/vsc44588/easybuild/build/Raven/1.8.1/GCC-11.2.0/easybuild_obj/_deps/spoa-src/include -O2 -ftree-vectorize -march=native -fno-math-errno -Wall -Wextra -pedantic -Wall -Wextra -pedantic -Wno-aligned-new -Wno-ignored-attributes -march=native -O3 -DNDEBUG -fvisibility-inlines-hidden -std=c++11 -MD -MT _deps/spoa-build/CMakeFiles/spoa.dir/src/simd_alignment_engine_dispatcher.cpp.o -MF CMakeFiles/spoa.dir/src/simd_alignment_engine_dispatcher.cpp.o.d -o CMakeFiles/spoa.dir/src/simd_alignment_engine_dispatcher.cpp.o -c /tmp/vsc44588/easybuild/build/Raven/1.8.1/GCC-11.2.0/easybuild_obj/_deps/spoa-src/src/simd_alignment_engine_dispatcher.cpp
[ 12%] Building CXX object _deps/edlib-build/CMakeFiles/edlib.dir/edlib/src/edlib.cpp.o
[ 12%] Building CXX object _deps/spoa-build/CMakeFiles/spoa.dir/src/sisd_alignment_engine.cpp.o
cd /tmp/vsc44588/easybuild/build/Raven/1.8.1/GCC-11.2.0/easybuild_obj/_deps/edlib-build && /apps/gent/RHEL8/haswell-ib/software/GCCcore/11.2.0/bin/g++ -DDLIB_BUILD -I/tmp/vsc44588/easybuild/build/Raven/1.8.1/GCC-11.2.0/easybuild_obj/_deps/edlib-src/edlib/include -O2 -ftree-vectorize -march=native -fno-math-errno -Wall -Wextra -pedantic -Wold-style-cast -Wshadow -Wall -Wextra -pedantic -O3 -DNDEBUG -std=c++14 -MD -MT _deps/edlib-build/CMakeFiles/edlib.dir/edlib/src/edlib.cpp.o -MF CMakeFiles/edlib.dir/edlib/src/edlib.cpp.o.d -o CMakeFiles/edlib.dir/edlib/src/edlib.cpp.o -c /tmp/vsc44588/easybuild/build/Raven/1.8.1/GCC-11.2.0/easybuild_obj/_deps/edlib-src/edlib/src/edlib.cpp
cd /tmp/vsc44588/easybuild/build/Raven/1.8.1/GCC-11.2.0/easybuild_obj/_deps/spoa-build && /apps/gent/RHEL8/haswell-ib/software/GCCcore/11.2.0/bin/g++  -I/tmp/vsc44588/easybuild/build/Raven/1.8.1/GCC-11.2.0/easybuild_obj/_deps/spoa-src/include -O2 -ftree-vectorize -march=native -fno-math-errno -Wall -Wextra -pedantic -Wall -Wextra -pedantic -Wno-aligned-new -Wno-ignored-attributes -march=native -O3 -DNDEBUG -fvisibility-inlines-hidden -std=c++11 -MD -MT _deps/spoa-build/CMakeFiles/spoa.dir/src/sisd_alignment_engine.cpp.o -MF CMakeFiles/spoa.dir/src/sisd_alignment_engine.cpp.o.d -o CMakeFiles/spoa.dir/src/sisd_alignment_engine.cpp.o -c /tmp/vsc44588/easybuild/build/Raven/1.8.1/GCC-11.2.0/easybuild_obj/_deps/spoa-src/src/sisd_alignment_engine.cpp
[ 12%] Linking CXX static library ../../lib/libedlib.a
cd /tmp/vsc44588/easybuild/build/Raven/1.8.1/GCC-11.2.0/easybuild_obj/_deps/edlib-build && /kyukon/home/apps/RHEL8/haswell-ib/software/CMake/3.22.1-GCCcore-11.2.0/bin/cmake -P CMakeFiles/edlib.dir/cmake_clean_target.cmake
cd /tmp/vsc44588/easybuild/build/Raven/1.8.1/GCC-11.2.0/easybuild_obj/_deps/edlib-build && /kyukon/home/apps/RHEL8/haswell-ib/software/CMake/3.22.1-GCCcore-11.2.0/bin/cmake -E cmake_link_script CMakeFiles/edlib.dir/link.txt --verbose=1
/apps/gent/RHEL8/haswell-ib/software/binutils/2.37-GCCcore-11.2.0/bin/ar qc ../../lib/libedlib.a CMakeFiles/edlib.dir/edlib/src/edlib.cpp.o
/apps/gent/RHEL8/haswell-ib/software/binutils/2.37-GCCcore-11.2.0/bin/ranlib ../../lib/libedlib.a
make[2]: Leaving directory '/tmp/vsc44588/easybuild/build/Raven/1.8.1/GCC-11.2.0/easybuild_obj'
[ 12%] Built target edlib
[ 12%] Linking CXX static library lib/libram.a
cd /tmp/vsc44588/easybuild/build/Raven/1.8.1/GCC-11.2.0/easybuild_obj/_deps/ram-build && /kyukon/home/apps/RHEL8/haswell-ib/software/CMake/3.22.1-GCCcore-11.2.0/bin/cmake -P CMakeFiles/ram.dir/cmake_clean_target.cmake
cd /tmp/vsc44588/easybuild/build/Raven/1.8.1/GCC-11.2.0/easybuild_obj/_deps/ram-build && /kyukon/home/apps/RHEL8/haswell-ib/software/CMake/3.22.1-GCCcore-11.2.0/bin/cmake -E cmake_link_script CMakeFiles/ram.dir/link.txt --verbose=1
/apps/gent/RHEL8/haswell-ib/software/binutils/2.37-GCCcore-11.2.0/bin/ar qc lib/libram.a CMakeFiles/ram.dir/src/minimizer_engine.cpp.o
/apps/gent/RHEL8/haswell-ib/software/binutils/2.37-GCCcore-11.2.0/bin/ranlib lib/libram.a
make[2]: Leaving directory '/tmp/vsc44588/easybuild/build/Raven/1.8.1/GCC-11.2.0/easybuild_obj'
[ 12%] Built target ram
[ 25%] Linking CXX static library lib/libspoa.a
cd /tmp/vsc44588/easybuild/build/Raven/1.8.1/GCC-11.2.0/easybuild_obj/_deps/spoa-build && /kyukon/home/apps/RHEL8/haswell-ib/software/CMake/3.22.1-GCCcore-11.2.0/bin/cmake -P CMakeFiles/spoa.dir/cmake_clean_target.cmake
cd /tmp/vsc44588/easybuild/build/Raven/1.8.1/GCC-11.2.0/easybuild_obj/_deps/spoa-build && /kyukon/home/apps/RHEL8/haswell-ib/software/CMake/3.22.1-GCCcore-11.2.0/bin/cmake -E cmake_link_script CMakeFiles/spoa.dir/link.txt --verbose=1
/apps/gent/RHEL8/haswell-ib/software/binutils/2.37-GCCcore-11.2.0/bin/ar qc lib/libspoa.a CMakeFiles/spoa.dir/src/alignment_engine.cpp.o CMakeFiles/spoa.dir/src/graph.cpp.o CMakeFiles/spoa.dir/src/simd_alignment_engine_dispatcher.cpp.o CMakeFiles/spoa.dir/src/sisd_alignment_engine.cpp.o
/apps/gent/RHEL8/haswell-ib/software/binutils/2.37-GCCcore-11.2.0/bin/ranlib lib/libspoa.a
make[2]: Leaving directory '/tmp/vsc44588/easybuild/build/Raven/1.8.1/GCC-11.2.0/easybuild_obj'
[ 25%] Built target spoa
make  -f _deps/racon-build/CMakeFiles/racon.dir/build.make _deps/racon-build/CMakeFiles/racon.dir/depend
make[2]: Entering directory '/tmp/vsc44588/easybuild/build/Raven/1.8.1/GCC-11.2.0/easybuild_obj'
cd /tmp/vsc44588/easybuild/build/Raven/1.8.1/GCC-11.2.0/easybuild_obj && /kyukon/home/apps/RHEL8/haswell-ib/software/CMake/3.22.1-GCCcore-11.2.0/bin/cmake -E cmake_depends "Unix Makefiles" /tmp/vsc44588/easybuild/build/Raven/1.8.1/GCC-11.2.0/raven-1.8.1 /tmp/vsc44588/easybuild/build/Raven/1.8.1/GCC-11.2.0/easybuild_obj/_deps/racon-src /tmp/vsc44588/easybuild/build/Raven/1.8.1/GCC-11.2.0/easybuild_obj /tmp/vsc44588/easybuild/build/Raven/1.8.1/GCC-11.2.0/easybuild_obj/_deps/racon-build /tmp/vsc44588/easybuild/build/Raven/1.8.1/GCC-11.2.0/easybuild_obj/_deps/racon-build/CMakeFiles/racon.dir/DependInfo.cmake --color=
make[2]: Leaving directory '/tmp/vsc44588/easybuild/build/Raven/1.8.1/GCC-11.2.0/easybuild_obj'
make  -f _deps/racon-build/CMakeFiles/racon.dir/build.make _deps/racon-build/CMakeFiles/racon.dir/build
make[2]: Entering directory '/tmp/vsc44588/easybuild/build/Raven/1.8.1/GCC-11.2.0/easybuild_obj'
[ 37%] Building CXX object _deps/racon-build/CMakeFiles/racon.dir/src/polisher.cpp.o
[ 37%] Building CXX object _deps/racon-build/CMakeFiles/racon.dir/src/overlap.cpp.o
cd /tmp/vsc44588/easybuild/build/Raven/1.8.1/GCC-11.2.0/easybuild_obj/_deps/racon-build && /apps/gent/RHEL8/haswell-ib/software/GCCcore/11.2.0/bin/g++  -I/tmp/vsc44588/easybuild/build/Raven/1.8.1/GCC-11.2.0/easybuild_obj/_deps/racon-src/include -I/tmp/vsc44588/easybuild/build/Raven/1.8.1/GCC-11.2.0/easybuild_obj/_deps/edlib-src/edlib/include -I/tmp/vsc44588/easybuild/build/Raven/1.8.1/GCC-11.2.0/easybuild_obj/_deps/spoa-src/include -I/tmp/vsc44588/easybuild/build/Raven/1.8.1/GCC-11.2.0/easybuild_obj/_deps/ram-src/include -I/tmp/vsc44588/easybuild/build/Raven/1.8.1/GCC-11.2.0/easybuild_obj/_deps/biosoup-src/include -I/tmp/vsc44588/easybuild/build/Raven/1.8.1/GCC-11.2.0/easybuild_obj/_deps/thread_pool-src/include -O2 -ftree-vectorize -march=native -fno-math-errno -Wall -Wextra -pedantic -O3 -DNDEBUG -fvisibility-inlines-hidden -pthread -std=c++11 -MD -MT _deps/racon-build/CMakeFiles/racon.dir/src/polisher.cpp.o -MF CMakeFiles/racon.dir/src/polisher.cpp.o.d -o CMakeFiles/racon.dir/src/polisher.cpp.o -c /tmp/vsc44588/easybuild/build/Raven/1.8.1/GCC-11.2.0/easybuild_obj/_deps/racon-src/src/polisher.cpp
[ 37%] Building CXX object _deps/racon-build/CMakeFiles/racon.dir/src/window.cpp.o
cd /tmp/vsc44588/easybuild/build/Raven/1.8.1/GCC-11.2.0/easybuild_obj/_deps/racon-build && /apps/gent/RHEL8/haswell-ib/software/GCCcore/11.2.0/bin/g++  -I/tmp/vsc44588/easybuild/build/Raven/1.8.1/GCC-11.2.0/easybuild_obj/_deps/racon-src/include -I/tmp/vsc44588/easybuild/build/Raven/1.8.1/GCC-11.2.0/easybuild_obj/_deps/edlib-src/edlib/include -I/tmp/vsc44588/easybuild/build/Raven/1.8.1/GCC-11.2.0/easybuild_obj/_deps/spoa-src/include -I/tmp/vsc44588/easybuild/build/Raven/1.8.1/GCC-11.2.0/easybuild_obj/_deps/ram-src/include -I/tmp/vsc44588/easybuild/build/Raven/1.8.1/GCC-11.2.0/easybuild_obj/_deps/biosoup-src/include -I/tmp/vsc44588/easybuild/build/Raven/1.8.1/GCC-11.2.0/easybuild_obj/_deps/thread_pool-src/include -O2 -ftree-vectorize -march=native -fno-math-errno -Wall -Wextra -pedantic -O3 -DNDEBUG -fvisibility-inlines-hidden -pthread -std=c++11 -MD -MT _deps/racon-build/CMakeFiles/racon.dir/src/overlap.cpp.o -MF CMakeFiles/racon.dir/src/overlap.cpp.o.d -o CMakeFiles/racon.dir/src/overlap.cpp.o -c /tmp/vsc44588/easybuild/build/Raven/1.8.1/GCC-11.2.0/easybuild_obj/_deps/racon-src/src/overlap.cpp
cd /tmp/vsc44588/easybuild/build/Raven/1.8.1/GCC-11.2.0/easybuild_obj/_deps/racon-build && /apps/gent/RHEL8/haswell-ib/software/GCCcore/11.2.0/bin/g++  -I/tmp/vsc44588/easybuild/build/Raven/1.8.1/GCC-11.2.0/easybuild_obj/_deps/racon-src/include -I/tmp/vsc44588/easybuild/build/Raven/1.8.1/GCC-11.2.0/easybuild_obj/_deps/edlib-src/edlib/include -I/tmp/vsc44588/easybuild/build/Raven/1.8.1/GCC-11.2.0/easybuild_obj/_deps/spoa-src/include -I/tmp/vsc44588/easybuild/build/Raven/1.8.1/GCC-11.2.0/easybuild_obj/_deps/ram-src/include -I/tmp/vsc44588/easybuild/build/Raven/1.8.1/GCC-11.2.0/easybuild_obj/_deps/biosoup-src/include -I/tmp/vsc44588/easybuild/build/Raven/1.8.1/GCC-11.2.0/easybuild_obj/_deps/thread_pool-src/include -O2 -ftree-vectorize -march=native -fno-math-errno -Wall -Wextra -pedantic -O3 -DNDEBUG -fvisibility-inlines-hidden -pthread -std=c++11 -MD -MT _deps/racon-build/CMakeFiles/racon.dir/src/window.cpp.o -MF CMakeFiles/racon.dir/src/window.cpp.o.d -o CMakeFiles/racon.dir/src/window.cpp.o -c /tmp/vsc44588/easybuild/build/Raven/1.8.1/GCC-11.2.0/easybuild_obj/_deps/racon-src/src/window.cpp
[ 50%] Linking CXX static library lib/libracon.a
cd /tmp/vsc44588/easybuild/build/Raven/1.8.1/GCC-11.2.0/easybuild_obj/_deps/racon-build && /kyukon/home/apps/RHEL8/haswell-ib/software/CMake/3.22.1-GCCcore-11.2.0/bin/cmake -P CMakeFiles/racon.dir/cmake_clean_target.cmake
cd /tmp/vsc44588/easybuild/build/Raven/1.8.1/GCC-11.2.0/easybuild_obj/_deps/racon-build && /kyukon/home/apps/RHEL8/haswell-ib/software/CMake/3.22.1-GCCcore-11.2.0/bin/cmake -E cmake_link_script CMakeFiles/racon.dir/link.txt --verbose=1
/apps/gent/RHEL8/haswell-ib/software/binutils/2.37-GCCcore-11.2.0/bin/ar qc lib/libracon.a CMakeFiles/racon.dir/src/polisher.cpp.o CMakeFiles/racon.dir/src/overlap.cpp.o CMakeFiles/racon.dir/src/window.cpp.o
/apps/gent/RHEL8/haswell-ib/software/binutils/2.37-GCCcore-11.2.0/bin/ranlib lib/libracon.a
make[2]: Leaving directory '/tmp/vsc44588/easybuild/build/Raven/1.8.1/GCC-11.2.0/easybuild_obj'
[ 50%] Built target racon
make  -f CMakeFiles/raven.dir/build.make CMakeFiles/raven.dir/depend
make[2]: Entering directory '/tmp/vsc44588/easybuild/build/Raven/1.8.1/GCC-11.2.0/easybuild_obj'
cd /tmp/vsc44588/easybuild/build/Raven/1.8.1/GCC-11.2.0/easybuild_obj && /kyukon/home/apps/RHEL8/haswell-ib/software/CMake/3.22.1-GCCcore-11.2.0/bin/cmake -E cmake_depends "Unix Makefiles" /tmp/vsc44588/easybuild/build/Raven/1.8.1/GCC-11.2.0/raven-1.8.1 /tmp/vsc44588/easybuild/build/Raven/1.8.1/GCC-11.2.0/raven-1.8.1 /tmp/vsc44588/easybuild/build/Raven/1.8.1/GCC-11.2.0/easybuild_obj /tmp/vsc44588/easybuild/build/Raven/1.8.1/GCC-11.2.0/easybuild_obj /tmp/vsc44588/easybuild/build/Raven/1.8.1/GCC-11.2.0/easybuild_obj/CMakeFiles/raven.dir/DependInfo.cmake --color=
make[2]: Leaving directory '/tmp/vsc44588/easybuild/build/Raven/1.8.1/GCC-11.2.0/easybuild_obj'
make  -f CMakeFiles/raven.dir/build.make CMakeFiles/raven.dir/build
make[2]: Entering directory '/tmp/vsc44588/easybuild/build/Raven/1.8.1/GCC-11.2.0/easybuild_obj'
[ 50%] Building CXX object CMakeFiles/raven.dir/RavenLib/src/common.cc.o
[ 75%] Building CXX object CMakeFiles/raven.dir/RavenLib/src/binary.cc.o
[ 75%] Building CXX object CMakeFiles/raven.dir/RavenLib/src/graph_repr.cc.o
[ 75%] Building CXX object CMakeFiles/raven.dir/RavenLib/src/construct.cc.o
[ 75%] Building CXX object CMakeFiles/raven.dir/RavenLib/src/assemble.cc.o
/apps/gent/RHEL8/haswell-ib/software/GCCcore/11.2.0/bin/g++ -DRAVEN_STATIC_DEFINE -I/tmp/vsc44588/easybuild/build/Raven/1.8.1/GCC-11.2.0/raven-1.8.1/RavenLib/include -I/tmp/vsc44588/easybuild/build/Raven/1.8.1/GCC-11.2.0/easybuild_obj/include -I/tmp/vsc44588/easybuild/build/Raven/1.8.1/GCC-11.2.0/easybuild_obj/_deps/bioparser-src/include -I/tmp/vsc44588/easybuild/build/Raven/1.8.1/GCC-11.2.0/easybuild_obj/_deps/cereal-src/include -I/tmp/vsc44588/easybuild/build/Raven/1.8.1/GCC-11.2.0/easybuild_obj/_deps/ram-src/include -I/tmp/vsc44588/easybuild/build/Raven/1.8.1/GCC-11.2.0/easybuild_obj/_deps/biosoup-src/include -I/tmp/vsc44588/easybuild/build/Raven/1.8.1/GCC-11.2.0/easybuild_obj/_deps/thread_pool-src/include -I/tmp/vsc44588/easybuild/build/Raven/1.8.1/GCC-11.2.0/easybuild_obj/_deps/racon-src/include -I/tmp/vsc44588/easybuild/build/Raven/1.8.1/GCC-11.2.0/easybuild_obj/_deps/edlib-src/edlib/include -I/tmp/vsc44588/easybuild/build/Raven/1.8.1/GCC-11.2.0/easybuild_obj/_deps/spoa-src/include -isystem /apps/gent/RHEL8/haswell-ib/software/zlib/1.2.11-GCCcore-11.2.0/include -O2 -ftree-vectorize -march=native -fno-math-errno -O3 -DNDEBUG -fvisibility-inlines-hidden -Wall -Wextra -pedantic -pthread -std=c++17 -MD -MT CMakeFiles/raven.dir/RavenLib/src/common.cc.o -MF CMakeFiles/raven.dir/RavenLib/src/common.cc.o.d -o CMakeFiles/raven.dir/RavenLib/src/common.cc.o -c /tmp/vsc44588/easybuild/build/Raven/1.8.1/GCC-11.2.0/raven-1.8.1/RavenLib/src/common.cc
/apps/gent/RHEL8/haswell-ib/software/GCCcore/11.2.0/bin/g++ -DRAVEN_STATIC_DEFINE -I/tmp/vsc44588/easybuild/build/Raven/1.8.1/GCC-11.2.0/raven-1.8.1/RavenLib/include -I/tmp/vsc44588/easybuild/build/Raven/1.8.1/GCC-11.2.0/easybuild_obj/include -I/tmp/vsc44588/easybuild/build/Raven/1.8.1/GCC-11.2.0/easybuild_obj/_deps/bioparser-src/include -I/tmp/vsc44588/easybuild/build/Raven/1.8.1/GCC-11.2.0/easybuild_obj/_deps/cereal-src/include -I/tmp/vsc44588/easybuild/build/Raven/1.8.1/GCC-11.2.0/easybuild_obj/_deps/ram-src/include -I/tmp/vsc44588/easybuild/build/Raven/1.8.1/GCC-11.2.0/easybuild_obj/_deps/biosoup-src/include -I/tmp/vsc44588/easybuild/build/Raven/1.8.1/GCC-11.2.0/easybuild_obj/_deps/thread_pool-src/include -I/tmp/vsc44588/easybuild/build/Raven/1.8.1/GCC-11.2.0/easybuild_obj/_deps/racon-src/include -I/tmp/vsc44588/easybuild/build/Raven/1.8.1/GCC-11.2.0/easybuild_obj/_deps/edlib-src/edlib/include -I/tmp/vsc44588/easybuild/build/Raven/1.8.1/GCC-11.2.0/easybuild_obj/_deps/spoa-src/include -isystem /apps/gent/RHEL8/haswell-ib/software/zlib/1.2.11-GCCcore-11.2.0/include -O2 -ftree-vectorize -march=native -fno-math-errno -O3 -DNDEBUG -fvisibility-inlines-hidden -Wall -Wextra -pedantic -pthread -std=c++17 -MD -MT CMakeFiles/raven.dir/RavenLib/src/graph_repr.cc.o -MF CMakeFiles/raven.dir/RavenLib/src/graph_repr.cc.o.d -o CMakeFiles/raven.dir/RavenLib/src/graph_repr.cc.o -c /tmp/vsc44588/easybuild/build/Raven/1.8.1/GCC-11.2.0/raven-1.8.1/RavenLib/src/graph_repr.cc
/apps/gent/RHEL8/haswell-ib/software/GCCcore/11.2.0/bin/g++ -DRAVEN_STATIC_DEFINE -I/tmp/vsc44588/easybuild/build/Raven/1.8.1/GCC-11.2.0/raven-1.8.1/RavenLib/include -I/tmp/vsc44588/easybuild/build/Raven/1.8.1/GCC-11.2.0/easybuild_obj/include -I/tmp/vsc44588/easybuild/build/Raven/1.8.1/GCC-11.2.0/easybuild_obj/_deps/bioparser-src/include -I/tmp/vsc44588/easybuild/build/Raven/1.8.1/GCC-11.2.0/easybuild_obj/_deps/cereal-src/include -I/tmp/vsc44588/easybuild/build/Raven/1.8.1/GCC-11.2.0/easybuild_obj/_deps/ram-src/include -I/tmp/vsc44588/easybuild/build/Raven/1.8.1/GCC-11.2.0/easybuild_obj/_deps/biosoup-src/include -I/tmp/vsc44588/easybuild/build/Raven/1.8.1/GCC-11.2.0/easybuild_obj/_deps/thread_pool-src/include -I/tmp/vsc44588/easybuild/build/Raven/1.8.1/GCC-11.2.0/easybuild_obj/_deps/racon-src/include -I/tmp/vsc44588/easybuild/build/Raven/1.8.1/GCC-11.2.0/easybuild_obj/_deps/edlib-src/edlib/include -I/tmp/vsc44588/easybuild/build/Raven/1.8.1/GCC-11.2.0/easybuild_obj/_deps/spoa-src/include -isystem /apps/gent/RHEL8/haswell-ib/software/zlib/1.2.11-GCCcore-11.2.0/include -O2 -ftree-vectorize -march=native -fno-math-errno -O3 -DNDEBUG -fvisibility-inlines-hidden -Wall -Wextra -pedantic -pthread -std=c++17 -MD -MT CMakeFiles/raven.dir/RavenLib/src/assemble.cc.o -MF CMakeFiles/raven.dir/RavenLib/src/assemble.cc.o.d -o CMakeFiles/raven.dir/RavenLib/src/assemble.cc.o -c /tmp/vsc44588/easybuild/build/Raven/1.8.1/GCC-11.2.0/raven-1.8.1/RavenLib/src/assemble.cc
[ 87%] Building CXX object CMakeFiles/raven.dir/RavenLib/src/graph.cc.o
[ 87%] Building CXX object CMakeFiles/raven.dir/RavenLib/src/io.cc.o
/apps/gent/RHEL8/haswell-ib/software/GCCcore/11.2.0/bin/g++ -DRAVEN_STATIC_DEFINE -I/tmp/vsc44588/easybuild/build/Raven/1.8.1/GCC-11.2.0/raven-1.8.1/RavenLib/include -I/tmp/vsc44588/easybuild/build/Raven/1.8.1/GCC-11.2.0/easybuild_obj/include -I/tmp/vsc44588/easybuild/build/Raven/1.8.1/GCC-11.2.0/easybuild_obj/_deps/bioparser-src/include -I/tmp/vsc44588/easybuild/build/Raven/1.8.1/GCC-11.2.0/easybuild_obj/_deps/cereal-src/include -I/tmp/vsc44588/easybuild/build/Raven/1.8.1/GCC-11.2.0/easybuild_obj/_deps/ram-src/include -I/tmp/vsc44588/easybuild/build/Raven/1.8.1/GCC-11.2.0/easybuild_obj/_deps/biosoup-src/include -I/tmp/vsc44588/easybuild/build/Raven/1.8.1/GCC-11.2.0/easybuild_obj/_deps/thread_pool-src/include -I/tmp/vsc44588/easybuild/build/Raven/1.8.1/GCC-11.2.0/easybuild_obj/_deps/racon-src/include -I/tmp/vsc44588/easybuild/build/Raven/1.8.1/GCC-11.2.0/easybuild_obj/_deps/edlib-src/edlib/include -I/tmp/vsc44588/easybuild/build/Raven/1.8.1/GCC-11.2.0/easybuild_obj/_deps/spoa-src/include -isystem /apps/gent/RHEL8/haswell-ib/software/zlib/1.2.11-GCCcore-11.2.0/include -O2 -ftree-vectorize -march=native -fno-math-errno -O3 -DNDEBUG -fvisibility-inlines-hidden -Wall -Wextra -pedantic -pthread -std=c++17 -MD -MT CMakeFiles/raven.dir/RavenLib/src/binary.cc.o -MF CMakeFiles/raven.dir/RavenLib/src/binary.cc.o.d -o CMakeFiles/raven.dir/RavenLib/src/binary.cc.o -c /tmp/vsc44588/easybuild/build/Raven/1.8.1/GCC-11.2.0/raven-1.8.1/RavenLib/src/binary.cc
/apps/gent/RHEL8/haswell-ib/software/GCCcore/11.2.0/bin/g++ -DRAVEN_STATIC_DEFINE -I/tmp/vsc44588/easybuild/build/Raven/1.8.1/GCC-11.2.0/raven-1.8.1/RavenLib/include -I/tmp/vsc44588/easybuild/build/Raven/1.8.1/GCC-11.2.0/easybuild_obj/include -I/tmp/vsc44588/easybuild/build/Raven/1.8.1/GCC-11.2.0/easybuild_obj/_deps/bioparser-src/include -I/tmp/vsc44588/easybuild/build/Raven/1.8.1/GCC-11.2.0/easybuild_obj/_deps/cereal-src/include -I/tmp/vsc44588/easybuild/build/Raven/1.8.1/GCC-11.2.0/easybuild_obj/_deps/ram-src/include -I/tmp/vsc44588/easybuild/build/Raven/1.8.1/GCC-11.2.0/easybuild_obj/_deps/biosoup-src/include -I/tmp/vsc44588/easybuild/build/Raven/1.8.1/GCC-11.2.0/easybuild_obj/_deps/thread_pool-src/include -I/tmp/vsc44588/easybuild/build/Raven/1.8.1/GCC-11.2.0/easybuild_obj/_deps/racon-src/include -I/tmp/vsc44588/easybuild/build/Raven/1.8.1/GCC-11.2.0/easybuild_obj/_deps/edlib-src/edlib/include -I/tmp/vsc44588/easybuild/build/Raven/1.8.1/GCC-11.2.0/easybuild_obj/_deps/spoa-src/include -isystem /apps/gent/RHEL8/haswell-ib/software/zlib/1.2.11-GCCcore-11.2.0/include -O2 -ftree-vectorize -march=native -fno-math-errno -O3 -DNDEBUG -fvisibility-inlines-hidden -Wall -Wextra -pedantic -pthread -std=c++17 -MD -MT CMakeFiles/raven.dir/RavenLib/src/construct.cc.o -MF CMakeFiles/raven.dir/RavenLib/src/construct.cc.o.d -o CMakeFiles/raven.dir/RavenLib/src/construct.cc.o -c /tmp/vsc44588/easybuild/build/Raven/1.8.1/GCC-11.2.0/raven-1.8.1/RavenLib/src/construct.cc
/apps/gent/RHEL8/haswell-ib/software/GCCcore/11.2.0/bin/g++ -DRAVEN_STATIC_DEFINE -I/tmp/vsc44588/easybuild/build/Raven/1.8.1/GCC-11.2.0/raven-1.8.1/RavenLib/include -I/tmp/vsc44588/easybuild/build/Raven/1.8.1/GCC-11.2.0/easybuild_obj/include -I/tmp/vsc44588/easybuild/build/Raven/1.8.1/GCC-11.2.0/easybuild_obj/_deps/bioparser-src/include -I/tmp/vsc44588/easybuild/build/Raven/1.8.1/GCC-11.2.0/easybuild_obj/_deps/cereal-src/include -I/tmp/vsc44588/easybuild/build/Raven/1.8.1/GCC-11.2.0/easybuild_obj/_deps/ram-src/include -I/tmp/vsc44588/easybuild/build/Raven/1.8.1/GCC-11.2.0/easybuild_obj/_deps/biosoup-src/include -I/tmp/vsc44588/easybuild/build/Raven/1.8.1/GCC-11.2.0/easybuild_obj/_deps/thread_pool-src/include -I/tmp/vsc44588/easybuild/build/Raven/1.8.1/GCC-11.2.0/easybuild_obj/_deps/racon-src/include -I/tmp/vsc44588/easybuild/build/Raven/1.8.1/GCC-11.2.0/easybuild_obj/_deps/edlib-src/edlib/include -I/tmp/vsc44588/easybuild/build/Raven/1.8.1/GCC-11.2.0/easybuild_obj/_deps/spoa-src/include -isystem /apps/gent/RHEL8/haswell-ib/software/zlib/1.2.11-GCCcore-11.2.0/include -O2 -ftree-vectorize -march=native -fno-math-errno -O3 -DNDEBUG -fvisibility-inlines-hidden -Wall -Wextra -pedantic -pthread -std=c++17 -MD -MT CMakeFiles/raven.dir/RavenLib/src/graph.cc.o -MF CMakeFiles/raven.dir/RavenLib/src/graph.cc.o.d -o CMakeFiles/raven.dir/RavenLib/src/graph.cc.o -c /tmp/vsc44588/easybuild/build/Raven/1.8.1/GCC-11.2.0/raven-1.8.1/RavenLib/src/graph.cc
/apps/gent/RHEL8/haswell-ib/software/GCCcore/11.2.0/bin/g++ -DRAVEN_STATIC_DEFINE -I/tmp/vsc44588/easybuild/build/Raven/1.8.1/GCC-11.2.0/raven-1.8.1/RavenLib/include -I/tmp/vsc44588/easybuild/build/Raven/1.8.1/GCC-11.2.0/easybuild_obj/include -I/tmp/vsc44588/easybuild/build/Raven/1.8.1/GCC-11.2.0/easybuild_obj/_deps/bioparser-src/include -I/tmp/vsc44588/easybuild/build/Raven/1.8.1/GCC-11.2.0/easybuild_obj/_deps/cereal-src/include -I/tmp/vsc44588/easybuild/build/Raven/1.8.1/GCC-11.2.0/easybuild_obj/_deps/ram-src/include -I/tmp/vsc44588/easybuild/build/Raven/1.8.1/GCC-11.2.0/easybuild_obj/_deps/biosoup-src/include -I/tmp/vsc44588/easybuild/build/Raven/1.8.1/GCC-11.2.0/easybuild_obj/_deps/thread_pool-src/include -I/tmp/vsc44588/easybuild/build/Raven/1.8.1/GCC-11.2.0/easybuild_obj/_deps/racon-src/include -I/tmp/vsc44588/easybuild/build/Raven/1.8.1/GCC-11.2.0/easybuild_obj/_deps/edlib-src/edlib/include -I/tmp/vsc44588/easybuild/build/Raven/1.8.1/GCC-11.2.0/easybuild_obj/_deps/spoa-src/include -isystem /apps/gent/RHEL8/haswell-ib/software/zlib/1.2.11-GCCcore-11.2.0/include -O2 -ftree-vectorize -march=native -fno-math-errno -O3 -DNDEBUG -fvisibility-inlines-hidden -Wall -Wextra -pedantic -pthread -std=c++17 -MD -MT CMakeFiles/raven.dir/RavenLib/src/io.cc.o -MF CMakeFiles/raven.dir/RavenLib/src/io.cc.o.d -o CMakeFiles/raven.dir/RavenLib/src/io.cc.o -c /tmp/vsc44588/easybuild/build/Raven/1.8.1/GCC-11.2.0/raven-1.8.1/RavenLib/src/io.cc
[ 87%] Building CXX object CMakeFiles/raven.dir/RavenLib/src/overlap_utils.cc.o
/apps/gent/RHEL8/haswell-ib/software/GCCcore/11.2.0/bin/g++ -DRAVEN_STATIC_DEFINE -I/tmp/vsc44588/easybuild/build/Raven/1.8.1/GCC-11.2.0/raven-1.8.1/RavenLib/include -I/tmp/vsc44588/easybuild/build/Raven/1.8.1/GCC-11.2.0/easybuild_obj/include -I/tmp/vsc44588/easybuild/build/Raven/1.8.1/GCC-11.2.0/easybuild_obj/_deps/bioparser-src/include -I/tmp/vsc44588/easybuild/build/Raven/1.8.1/GCC-11.2.0/easybuild_obj/_deps/cereal-src/include -I/tmp/vsc44588/easybuild/build/Raven/1.8.1/GCC-11.2.0/easybuild_obj/_deps/ram-src/include -I/tmp/vsc44588/easybuild/build/Raven/1.8.1/GCC-11.2.0/easybuild_obj/_deps/biosoup-src/include -I/tmp/vsc44588/easybuild/build/Raven/1.8.1/GCC-11.2.0/easybuild_obj/_deps/thread_pool-src/include -I/tmp/vsc44588/easybuild/build/Raven/1.8.1/GCC-11.2.0/easybuild_obj/_deps/racon-src/include -I/tmp/vsc44588/easybuild/build/Raven/1.8.1/GCC-11.2.0/easybuild_obj/_deps/edlib-src/edlib/include -I/tmp/vsc44588/easybuild/build/Raven/1.8.1/GCC-11.2.0/easybuild_obj/_deps/spoa-src/include -isystem /apps/gent/RHEL8/haswell-ib/software/zlib/1.2.11-GCCcore-11.2.0/include -O2 -ftree-vectorize -march=native -fno-math-errno -O3 -DNDEBUG -fvisibility-inlines-hidden -Wall -Wextra -pedantic -pthread -std=c++17 -MD -MT CMakeFiles/raven.dir/RavenLib/src/overlap_utils.cc.o -MF CMakeFiles/raven.dir/RavenLib/src/overlap_utils.cc.o.d -o CMakeFiles/raven.dir/RavenLib/src/overlap_utils.cc.o -c /tmp/vsc44588/easybuild/build/Raven/1.8.1/GCC-11.2.0/raven-1.8.1/RavenLib/src/overlap_utils.cc
/tmp/vsc44588/easybuild/build/Raven/1.8.1/GCC-11.2.0/raven-1.8.1/RavenLib/src/construct.cc: In function void raven::ResolveChimericSequences(const std::shared_ptr<thread_pool::ThreadPool>&, const std::vector<std::unique_ptr<raven::Pile> >&, std::vector<std::vector<biosoup::Overlap> >&, const std::vector<std::unique_ptr<biosoup::NucleicAcid> >&):
/tmp/vsc44588/easybuild/build/Raven/1.8.1/GCC-11.2.0/raven-1.8.1/RavenLib/src/construct.cc:192:63: warning: unused parameter sequences [-Wunused-parameter]
  192 |     const std::vector<std::unique_ptr<biosoup::NucleicAcid>>& sequences) {
      |     ~~~~~~~~~~~~~~~~~~~~~~~~~~~~~~~~~~~~~~~~~~~~~~~~~~~~~~~~~~^~~~~~~~~
[100%] Building CXX object CMakeFiles/raven.dir/RavenLib/src/pile.cc.o
/apps/gent/RHEL8/haswell-ib/software/GCCcore/11.2.0/bin/g++ -DRAVEN_STATIC_DEFINE -I/tmp/vsc44588/easybuild/build/Raven/1.8.1/GCC-11.2.0/raven-1.8.1/RavenLib/include -I/tmp/vsc44588/easybuild/build/Raven/1.8.1/GCC-11.2.0/easybuild_obj/include -I/tmp/vsc44588/easybuild/build/Raven/1.8.1/GCC-11.2.0/easybuild_obj/_deps/bioparser-src/include -I/tmp/vsc44588/easybuild/build/Raven/1.8.1/GCC-11.2.0/easybuild_obj/_deps/cereal-src/include -I/tmp/vsc44588/easybuild/build/Raven/1.8.1/GCC-11.2.0/easybuild_obj/_deps/ram-src/include -I/tmp/vsc44588/easybuild/build/Raven/1.8.1/GCC-11.2.0/easybuild_obj/_deps/biosoup-src/include -I/tmp/vsc44588/easybuild/build/Raven/1.8.1/GCC-11.2.0/easybuild_obj/_deps/thread_pool-src/include -I/tmp/vsc44588/easybuild/build/Raven/1.8.1/GCC-11.2.0/easybuild_obj/_deps/racon-src/include -I/tmp/vsc44588/easybuild/build/Raven/1.8.1/GCC-11.2.0/easybuild_obj/_deps/edlib-src/edlib/include -I/tmp/vsc44588/easybuild/build/Raven/1.8.1/GCC-11.2.0/easybuild_obj/_deps/spoa-src/include -isystem /apps/gent/RHEL8/haswell-ib/software/zlib/1.2.11-GCCcore-11.2.0/include -O2 -ftree-vectorize -march=native -fno-math-errno -O3 -DNDEBUG -fvisibility-inlines-hidden -Wall -Wextra -pedantic -pthread -std=c++17 -MD -MT CMakeFiles/raven.dir/RavenLib/src/pile.cc.o -MF CMakeFiles/raven.dir/RavenLib/src/pile.cc.o.d -o CMakeFiles/raven.dir/RavenLib/src/pile.cc.o -c /tmp/vsc44588/easybuild/build/Raven/1.8.1/GCC-11.2.0/raven-1.8.1/RavenLib/src/pile.cc
[100%] Building CXX object CMakeFiles/raven.dir/RavenLib/src/polish.cc.o
/apps/gent/RHEL8/haswell-ib/software/GCCcore/11.2.0/bin/g++ -DRAVEN_STATIC_DEFINE -I/tmp/vsc44588/easybuild/build/Raven/1.8.1/GCC-11.2.0/raven-1.8.1/RavenLib/include -I/tmp/vsc44588/easybuild/build/Raven/1.8.1/GCC-11.2.0/easybuild_obj/include -I/tmp/vsc44588/easybuild/build/Raven/1.8.1/GCC-11.2.0/easybuild_obj/_deps/bioparser-src/include -I/tmp/vsc44588/easybuild/build/Raven/1.8.1/GCC-11.2.0/easybuild_obj/_deps/cereal-src/include -I/tmp/vsc44588/easybuild/build/Raven/1.8.1/GCC-11.2.0/easybuild_obj/_deps/ram-src/include -I/tmp/vsc44588/easybuild/build/Raven/1.8.1/GCC-11.2.0/easybuild_obj/_deps/biosoup-src/include -I/tmp/vsc44588/easybuild/build/Raven/1.8.1/GCC-11.2.0/easybuild_obj/_deps/thread_pool-src/include -I/tmp/vsc44588/easybuild/build/Raven/1.8.1/GCC-11.2.0/easybuild_obj/_deps/racon-src/include -I/tmp/vsc44588/easybuild/build/Raven/1.8.1/GCC-11.2.0/easybuild_obj/_deps/edlib-src/edlib/include -I/tmp/vsc44588/easybuild/build/Raven/1.8.1/GCC-11.2.0/easybuild_obj/_deps/spoa-src/include -isystem /apps/gent/RHEL8/haswell-ib/software/zlib/1.2.11-GCCcore-11.2.0/include -O2 -ftree-vectorize -march=native -fno-math-errno -O3 -DNDEBUG -fvisibility-inlines-hidden -Wall -Wextra -pedantic -pthread -std=c++17 -MD -MT CMakeFiles/raven.dir/RavenLib/src/polish.cc.o -MF CMakeFiles/raven.dir/RavenLib/src/polish.cc.o.d -o CMakeFiles/raven.dir/RavenLib/src/polish.cc.o -c /tmp/vsc44588/easybuild/build/Raven/1.8.1/GCC-11.2.0/raven-1.8.1/RavenLib/src/polish.cc
[100%] Linking CXX static library lib/libraven.a
/kyukon/home/apps/RHEL8/haswell-ib/software/CMake/3.22.1-GCCcore-11.2.0/bin/cmake -P CMakeFiles/raven.dir/cmake_clean_target.cmake
/kyukon/home/apps/RHEL8/haswell-ib/software/CMake/3.22.1-GCCcore-11.2.0/bin/cmake -E cmake_link_script CMakeFiles/raven.dir/link.txt --verbose=1
/apps/gent/RHEL8/haswell-ib/software/binutils/2.37-GCCcore-11.2.0/bin/ar qc lib/libraven.a CMakeFiles/raven.dir/RavenLib/src/assemble.cc.o CMakeFiles/raven.dir/RavenLib/src/binary.cc.o CMakeFiles/raven.dir/RavenLib/src/common.cc.o CMakeFiles/raven.dir/RavenLib/src/construct.cc.o CMakeFiles/raven.dir/RavenLib/src/graph_repr.cc.o CMakeFiles/raven.dir/RavenLib/src/graph.cc.o CMakeFiles/raven.dir/RavenLib/src/io.cc.o CMakeFiles/raven.dir/RavenLib/src/overlap_utils.cc.o CMakeFiles/raven.dir/RavenLib/src/pile.cc.o CMakeFiles/raven.dir/RavenLib/src/polish.cc.o
/apps/gent/RHEL8/haswell-ib/software/binutils/2.37-GCCcore-11.2.0/bin/ranlib lib/libraven.a
make[2]: Leaving directory '/tmp/vsc44588/easybuild/build/Raven/1.8.1/GCC-11.2.0/easybuild_obj'
[100%] Built target raven
make[1]: Leaving directory '/tmp/vsc44588/easybuild/build/Raven/1.8.1/GCC-11.2.0/easybuild_obj'
/kyukon/home/apps/RHEL8/haswell-ib/software/CMake/3.22.1-GCCcore-11.2.0/bin/cmake -E cmake_progress_start /tmp/vsc44588/easybuild/build/Raven/1.8.1/GCC-11.2.0/easybuild_obj/CMakeFiles 0

== 2022-07-07 17:37:09,194 build_log.py:265 INFO ... (took 17 secs)
== 2022-07-07 17:37:09,200 build_log.py:265 INFO testing...
== 2022-07-07 17:37:09,206 easyblock.py:3746 INFO Starting test step
== 2022-07-07 17:37:09,206 easyconfig.py:1686 INFO Generating template values...
== 2022-07-07 17:37:09,207 easyconfig.py:1705 INFO Template values: arch='x86_64', bitbucket_account='raven', builddir='/tmp/vsc44588/easybuild/build/Raven/1.8.1/GCC-11.2.0', github_account='raven', installdir='/scratch/gent/vo/001/gvo00117/easybuild/RHEL8/haswell-ib/software/Raven/1.8.1-GCC-11.2.0', module_name='Raven/1.8.1-GCC-11.2.0', name='Raven', nameletter='R', nameletterlower='r', namelower='raven', parallel='8', pymajver='3', pyminver='9', pyshortver='3.9', pyver='3.9.6', toolchain_name='GCC', toolchain_version='11.2.0', version='1.8.1', version_major='1', version_major_minor='1.8', version_minor='8', versionprefix='', versionsuffix=''
== 2022-07-07 17:37:09,208 easyblock.py:3754 INFO Running method test_step part of step test
== 2022-07-07 17:37:09,208 environment.py:91 INFO Environment variable CTEST_OUTPUT_ON_FAILURE set to True (previously undefined)
== 2022-07-07 17:37:09,208 build_log.py:265 INFO ... (took < 1 sec)
== 2022-07-07 17:37:09,221 build_log.py:265 INFO installing...
== 2022-07-07 17:37:09,227 easyblock.py:3746 INFO Starting install step
== 2022-07-07 17:37:09,227 easyconfig.py:1686 INFO Generating template values...
== 2022-07-07 17:37:09,227 easyconfig.py:1705 INFO Template values: arch='x86_64', bitbucket_account='raven', builddir='/tmp/vsc44588/easybuild/build/Raven/1.8.1/GCC-11.2.0', github_account='raven', installdir='/scratch/gent/vo/001/gvo00117/easybuild/RHEL8/haswell-ib/software/Raven/1.8.1-GCC-11.2.0', module_name='Raven/1.8.1-GCC-11.2.0', name='Raven', nameletter='R', nameletterlower='r', namelower='raven', parallel='8', pymajver='3', pyminver='9', pyshortver='3.9', pyver='3.9.6', toolchain_name='GCC', toolchain_version='11.2.0', version='1.8.1', version_major='1', version_major_minor='1.8', version_minor='8', versionprefix='', versionsuffix=''
== 2022-07-07 17:37:09,228 easyblock.py:3754 INFO Running method stage_install_step part of step install
== 2022-07-07 17:37:09,228 easyblock.py:3754 INFO Running method make_installdir part of step install
== 2022-07-07 17:37:09,228 easyblock.py:1049 INFO Found old directory /scratch/gent/vo/001/gvo00117/easybuild/RHEL8/haswell-ib/software/Raven/1.8.1-GCC-11.2.0
== 2022-07-07 17:37:09,273 filetools.py:382 INFO Path /scratch/gent/vo/001/gvo00117/easybuild/RHEL8/haswell-ib/software/Raven/1.8.1-GCC-11.2.0 successfully removed.
== 2022-07-07 17:37:09,273 easyblock.py:1057 INFO Removed old directory /scratch/gent/vo/001/gvo00117/easybuild/RHEL8/haswell-ib/software/Raven/1.8.1-GCC-11.2.0
== 2022-07-07 17:37:09,274 filetools.py:1882 INFO Creating directory /scratch/gent/vo/001/gvo00117/easybuild/RHEL8/haswell-ib/software/Raven/1.8.1-GCC-11.2.0 (parents: True, set_gid: False, sticky: False)
== 2022-07-07 17:37:09,274 easyblock.py:3754 INFO Running method install_step part of step install
== 2022-07-07 17:37:09,283 run.py:233 INFO running cmd:  make install  
== 2022-07-07 17:37:09,868 run.py:623 INFO cmd " make install " exited with exit code 0 and output:
/kyukon/home/apps/RHEL8/haswell-ib/software/CMake/3.22.1-GCCcore-11.2.0/bin/cmake -S/tmp/vsc44588/easybuild/build/Raven/1.8.1/GCC-11.2.0/raven-1.8.1 -B/tmp/vsc44588/easybuild/build/Raven/1.8.1/GCC-11.2.0/easybuild_obj --check-build-system CMakeFiles/Makefile.cmake 0
/kyukon/home/apps/RHEL8/haswell-ib/software/CMake/3.22.1-GCCcore-11.2.0/bin/cmake -E cmake_progress_start /tmp/vsc44588/easybuild/build/Raven/1.8.1/GCC-11.2.0/easybuild_obj/CMakeFiles /tmp/vsc44588/easybuild/build/Raven/1.8.1/GCC-11.2.0/easybuild_obj//CMakeFiles/progress.marks
make  -f CMakeFiles/Makefile2 all
make[1]: Entering directory '/tmp/vsc44588/easybuild/build/Raven/1.8.1/GCC-11.2.0/easybuild_obj'
make  -f _deps/spoa-build/CMakeFiles/spoa.dir/build.make _deps/spoa-build/CMakeFiles/spoa.dir/depend
make[2]: Entering directory '/tmp/vsc44588/easybuild/build/Raven/1.8.1/GCC-11.2.0/easybuild_obj'
cd /tmp/vsc44588/easybuild/build/Raven/1.8.1/GCC-11.2.0/easybuild_obj && /kyukon/home/apps/RHEL8/haswell-ib/software/CMake/3.22.1-GCCcore-11.2.0/bin/cmake -E cmake_depends "Unix Makefiles" /tmp/vsc44588/easybuild/build/Raven/1.8.1/GCC-11.2.0/raven-1.8.1 /tmp/vsc44588/easybuild/build/Raven/1.8.1/GCC-11.2.0/easybuild_obj/_deps/spoa-src /tmp/vsc44588/easybuild/build/Raven/1.8.1/GCC-11.2.0/easybuild_obj /tmp/vsc44588/easybuild/build/Raven/1.8.1/GCC-11.2.0/easybuild_obj/_deps/spoa-build /tmp/vsc44588/easybuild/build/Raven/1.8.1/GCC-11.2.0/easybuild_obj/_deps/spoa-build/CMakeFiles/spoa.dir/DependInfo.cmake --color=
Consolidate compiler generated dependencies of target spoa
make[2]: Leaving directory '/tmp/vsc44588/easybuild/build/Raven/1.8.1/GCC-11.2.0/easybuild_obj'
make  -f _deps/spoa-build/CMakeFiles/spoa.dir/build.make _deps/spoa-build/CMakeFiles/spoa.dir/build
make[2]: Entering directory '/tmp/vsc44588/easybuild/build/Raven/1.8.1/GCC-11.2.0/easybuild_obj'
make[2]: Nothing to be done for '_deps/spoa-build/CMakeFiles/spoa.dir/build'.
make[2]: Leaving directory '/tmp/vsc44588/easybuild/build/Raven/1.8.1/GCC-11.2.0/easybuild_obj'
[ 25%] Built target spoa
make  -f _deps/edlib-build/CMakeFiles/edlib.dir/build.make _deps/edlib-build/CMakeFiles/edlib.dir/depend
make[2]: Entering directory '/tmp/vsc44588/easybuild/build/Raven/1.8.1/GCC-11.2.0/easybuild_obj'
cd /tmp/vsc44588/easybuild/build/Raven/1.8.1/GCC-11.2.0/easybuild_obj && /kyukon/home/apps/RHEL8/haswell-ib/software/CMake/3.22.1-GCCcore-11.2.0/bin/cmake -E cmake_depends "Unix Makefiles" /tmp/vsc44588/easybuild/build/Raven/1.8.1/GCC-11.2.0/raven-1.8.1 /tmp/vsc44588/easybuild/build/Raven/1.8.1/GCC-11.2.0/easybuild_obj/_deps/edlib-src /tmp/vsc44588/easybuild/build/Raven/1.8.1/GCC-11.2.0/easybuild_obj /tmp/vsc44588/easybuild/build/Raven/1.8.1/GCC-11.2.0/easybuild_obj/_deps/edlib-build /tmp/vsc44588/easybuild/build/Raven/1.8.1/GCC-11.2.0/easybuild_obj/_deps/edlib-build/CMakeFiles/edlib.dir/DependInfo.cmake --color=
Consolidate compiler generated dependencies of target edlib
make[2]: Leaving directory '/tmp/vsc44588/easybuild/build/Raven/1.8.1/GCC-11.2.0/easybuild_obj'
make  -f _deps/edlib-build/CMakeFiles/edlib.dir/build.make _deps/edlib-build/CMakeFiles/edlib.dir/build
make[2]: Entering directory '/tmp/vsc44588/easybuild/build/Raven/1.8.1/GCC-11.2.0/easybuild_obj'
make[2]: Nothing to be done for '_deps/edlib-build/CMakeFiles/edlib.dir/build'.
make[2]: Leaving directory '/tmp/vsc44588/easybuild/build/Raven/1.8.1/GCC-11.2.0/easybuild_obj'
[ 25%] Built target edlib
make  -f _deps/ram-build/CMakeFiles/ram.dir/build.make _deps/ram-build/CMakeFiles/ram.dir/depend
make[2]: Entering directory '/tmp/vsc44588/easybuild/build/Raven/1.8.1/GCC-11.2.0/easybuild_obj'
cd /tmp/vsc44588/easybuild/build/Raven/1.8.1/GCC-11.2.0/easybuild_obj && /kyukon/home/apps/RHEL8/haswell-ib/software/CMake/3.22.1-GCCcore-11.2.0/bin/cmake -E cmake_depends "Unix Makefiles" /tmp/vsc44588/easybuild/build/Raven/1.8.1/GCC-11.2.0/raven-1.8.1 /tmp/vsc44588/easybuild/build/Raven/1.8.1/GCC-11.2.0/easybuild_obj/_deps/ram-src /tmp/vsc44588/easybuild/build/Raven/1.8.1/GCC-11.2.0/easybuild_obj /tmp/vsc44588/easybuild/build/Raven/1.8.1/GCC-11.2.0/easybuild_obj/_deps/ram-build /tmp/vsc44588/easybuild/build/Raven/1.8.1/GCC-11.2.0/easybuild_obj/_deps/ram-build/CMakeFiles/ram.dir/DependInfo.cmake --color=
Consolidate compiler generated dependencies of target ram
make[2]: Leaving directory '/tmp/vsc44588/easybuild/build/Raven/1.8.1/GCC-11.2.0/easybuild_obj'
make  -f _deps/ram-build/CMakeFiles/ram.dir/build.make _deps/ram-build/CMakeFiles/ram.dir/build
make[2]: Entering directory '/tmp/vsc44588/easybuild/build/Raven/1.8.1/GCC-11.2.0/easybuild_obj'
make[2]: Nothing to be done for '_deps/ram-build/CMakeFiles/ram.dir/build'.
make[2]: Leaving directory '/tmp/vsc44588/easybuild/build/Raven/1.8.1/GCC-11.2.0/easybuild_obj'
[ 25%] Built target ram
make  -f _deps/racon-build/CMakeFiles/racon.dir/build.make _deps/racon-build/CMakeFiles/racon.dir/depend
make[2]: Entering directory '/tmp/vsc44588/easybuild/build/Raven/1.8.1/GCC-11.2.0/easybuild_obj'
cd /tmp/vsc44588/easybuild/build/Raven/1.8.1/GCC-11.2.0/easybuild_obj && /kyukon/home/apps/RHEL8/haswell-ib/software/CMake/3.22.1-GCCcore-11.2.0/bin/cmake -E cmake_depends "Unix Makefiles" /tmp/vsc44588/easybuild/build/Raven/1.8.1/GCC-11.2.0/raven-1.8.1 /tmp/vsc44588/easybuild/build/Raven/1.8.1/GCC-11.2.0/easybuild_obj/_deps/racon-src /tmp/vsc44588/easybuild/build/Raven/1.8.1/GCC-11.2.0/easybuild_obj /tmp/vsc44588/easybuild/build/Raven/1.8.1/GCC-11.2.0/easybuild_obj/_deps/racon-build /tmp/vsc44588/easybuild/build/Raven/1.8.1/GCC-11.2.0/easybuild_obj/_deps/racon-build/CMakeFiles/racon.dir/DependInfo.cmake --color=
Consolidate compiler generated dependencies of target racon
make[2]: Leaving directory '/tmp/vsc44588/easybuild/build/Raven/1.8.1/GCC-11.2.0/easybuild_obj'
make  -f _deps/racon-build/CMakeFiles/racon.dir/build.make _deps/racon-build/CMakeFiles/racon.dir/build
make[2]: Entering directory '/tmp/vsc44588/easybuild/build/Raven/1.8.1/GCC-11.2.0/easybuild_obj'
make[2]: Nothing to be done for '_deps/racon-build/CMakeFiles/racon.dir/build'.
make[2]: Leaving directory '/tmp/vsc44588/easybuild/build/Raven/1.8.1/GCC-11.2.0/easybuild_obj'
[ 50%] Built target racon
make  -f CMakeFiles/raven.dir/build.make CMakeFiles/raven.dir/depend
make[2]: Entering directory '/tmp/vsc44588/easybuild/build/Raven/1.8.1/GCC-11.2.0/easybuild_obj'
cd /tmp/vsc44588/easybuild/build/Raven/1.8.1/GCC-11.2.0/easybuild_obj && /kyukon/home/apps/RHEL8/haswell-ib/software/CMake/3.22.1-GCCcore-11.2.0/bin/cmake -E cmake_depends "Unix Makefiles" /tmp/vsc44588/easybuild/build/Raven/1.8.1/GCC-11.2.0/raven-1.8.1 /tmp/vsc44588/easybuild/build/Raven/1.8.1/GCC-11.2.0/raven-1.8.1 /tmp/vsc44588/easybuild/build/Raven/1.8.1/GCC-11.2.0/easybuild_obj /tmp/vsc44588/easybuild/build/Raven/1.8.1/GCC-11.2.0/easybuild_obj /tmp/vsc44588/easybuild/build/Raven/1.8.1/GCC-11.2.0/easybuild_obj/CMakeFiles/raven.dir/DependInfo.cmake --color=
Consolidate compiler generated dependencies of target raven
make[2]: Leaving directory '/tmp/vsc44588/easybuild/build/Raven/1.8.1/GCC-11.2.0/easybuild_obj'
make  -f CMakeFiles/raven.dir/build.make CMakeFiles/raven.dir/build
make[2]: Entering directory '/tmp/vsc44588/easybuild/build/Raven/1.8.1/GCC-11.2.0/easybuild_obj'
make[2]: Nothing to be done for 'CMakeFiles/raven.dir/build'.
make[2]: Leaving directory '/tmp/vsc44588/easybuild/build/Raven/1.8.1/GCC-11.2.0/easybuild_obj'
[100%] Built target raven
make[1]: Leaving directory '/tmp/vsc44588/easybuild/build/Raven/1.8.1/GCC-11.2.0/easybuild_obj'
/kyukon/home/apps/RHEL8/haswell-ib/software/CMake/3.22.1-GCCcore-11.2.0/bin/cmake -E cmake_progress_start /tmp/vsc44588/easybuild/build/Raven/1.8.1/GCC-11.2.0/easybuild_obj/CMakeFiles 0
make  -f CMakeFiles/Makefile2 preinstall
make[1]: Entering directory '/tmp/vsc44588/easybuild/build/Raven/1.8.1/GCC-11.2.0/easybuild_obj'
make[1]: Nothing to be done for 'preinstall'.
make[1]: Leaving directory '/tmp/vsc44588/easybuild/build/Raven/1.8.1/GCC-11.2.0/easybuild_obj'
Install the project...
/kyukon/home/apps/RHEL8/haswell-ib/software/CMake/3.22.1-GCCcore-11.2.0/bin/cmake -P cmake_install.cmake
-- Install configuration: "Release"
-- Installing: /scratch/gent/vo/001/gvo00117/easybuild/RHEL8/haswell-ib/software/Raven/1.8.1-GCC-11.2.0/lib64/libraven.a
-- Installing: /scratch/gent/vo/001/gvo00117/easybuild/RHEL8/haswell-ib/software/Raven/1.8.1-GCC-11.2.0/lib64/libracon.a
-- Installing: /scratch/gent/vo/001/gvo00117/easybuild/RHEL8/haswell-ib/software/Raven/1.8.1-GCC-11.2.0/lib64/libram.a
-- Installing: /scratch/gent/vo/001/gvo00117/easybuild/RHEL8/haswell-ib/software/Raven/1.8.1-GCC-11.2.0/lib64/libspoa.a
-- Installing: /scratch/gent/vo/001/gvo00117/easybuild/RHEL8/haswell-ib/software/Raven/1.8.1-GCC-11.2.0/include
-- Installing: /scratch/gent/vo/001/gvo00117/easybuild/RHEL8/haswell-ib/software/Raven/1.8.1-GCC-11.2.0/include/raven
-- Installing: /scratch/gent/vo/001/gvo00117/easybuild/RHEL8/haswell-ib/software/Raven/1.8.1-GCC-11.2.0/include/raven/graph
-- Installing: /scratch/gent/vo/001/gvo00117/easybuild/RHEL8/haswell-ib/software/Raven/1.8.1-GCC-11.2.0/include/raven/graph/all.h
-- Installing: /scratch/gent/vo/001/gvo00117/easybuild/RHEL8/haswell-ib/software/Raven/1.8.1-GCC-11.2.0/include/raven/graph/assemble.h
-- Installing: /scratch/gent/vo/001/gvo00117/easybuild/RHEL8/haswell-ib/software/Raven/1.8.1-GCC-11.2.0/include/raven/graph/common.h
-- Installing: /scratch/gent/vo/001/gvo00117/easybuild/RHEL8/haswell-ib/software/Raven/1.8.1-GCC-11.2.0/include/raven/graph/construct.h
-- Installing: /scratch/gent/vo/001/gvo00117/easybuild/RHEL8/haswell-ib/software/Raven/1.8.1-GCC-11.2.0/include/raven/graph/graph.h
-- Installing: /scratch/gent/vo/001/gvo00117/easybuild/RHEL8/haswell-ib/software/Raven/1.8.1-GCC-11.2.0/include/raven/graph/overlap_utils.h
-- Installing: /scratch/gent/vo/001/gvo00117/easybuild/RHEL8/haswell-ib/software/Raven/1.8.1-GCC-11.2.0/include/raven/graph/polish.hpp
-- Installing: /scratch/gent/vo/001/gvo00117/easybuild/RHEL8/haswell-ib/software/Raven/1.8.1-GCC-11.2.0/include/raven/graph/serialization
-- Installing: /scratch/gent/vo/001/gvo00117/easybuild/RHEL8/haswell-ib/software/Raven/1.8.1-GCC-11.2.0/include/raven/graph/serialization/binary.h
-- Installing: /scratch/gent/vo/001/gvo00117/easybuild/RHEL8/haswell-ib/software/Raven/1.8.1-GCC-11.2.0/include/raven/graph/serialization/graph_repr.h
-- Installing: /scratch/gent/vo/001/gvo00117/easybuild/RHEL8/haswell-ib/software/Raven/1.8.1-GCC-11.2.0/include/raven/graph/serialization/serialization.h
-- Installing: /scratch/gent/vo/001/gvo00117/easybuild/RHEL8/haswell-ib/software/Raven/1.8.1-GCC-11.2.0/include/raven/io.h
-- Installing: /scratch/gent/vo/001/gvo00117/easybuild/RHEL8/haswell-ib/software/Raven/1.8.1-GCC-11.2.0/include/raven/pile.h
-- Installing: /scratch/gent/vo/001/gvo00117/easybuild/RHEL8/haswell-ib/software/Raven/1.8.1-GCC-11.2.0/include/raven/raven.h
-- Up-to-date: /scratch/gent/vo/001/gvo00117/easybuild/RHEL8/haswell-ib/software/Raven/1.8.1-GCC-11.2.0/include
-- Up-to-date: /scratch/gent/vo/001/gvo00117/easybuild/RHEL8/haswell-ib/software/Raven/1.8.1-GCC-11.2.0/include/raven
-- Installing: /scratch/gent/vo/001/gvo00117/easybuild/RHEL8/haswell-ib/software/Raven/1.8.1-GCC-11.2.0/include/raven/export.h
-- Installing: /scratch/gent/vo/001/gvo00117/easybuild/RHEL8/haswell-ib/software/Raven/1.8.1-GCC-11.2.0/lib64/cmake/raven/raven--targets.cmake
-- Installing: /scratch/gent/vo/001/gvo00117/easybuild/RHEL8/haswell-ib/software/Raven/1.8.1-GCC-11.2.0/lib64/cmake/raven/raven--targets-release.cmake
-- Installing: /scratch/gent/vo/001/gvo00117/easybuild/RHEL8/haswell-ib/software/Raven/1.8.1-GCC-11.2.0/lib64/cmake/raven/ravenConfig.cmake
-- Installing: /scratch/gent/vo/001/gvo00117/easybuild/RHEL8/haswell-ib/software/Raven/1.8.1-GCC-11.2.0/lib64/cmake/raven/ravenConfigVersion.cmake

== 2022-07-07 17:37:09,871 build_log.py:265 INFO ... (took < 1 sec)
== 2022-07-07 17:37:09,877 build_log.py:265 INFO taking care of extensions...
== 2022-07-07 17:37:09,883 easyblock.py:3746 INFO Starting extensions step
== 2022-07-07 17:37:09,884 easyconfig.py:1686 INFO Generating template values...
== 2022-07-07 17:37:09,885 easyconfig.py:1705 INFO Template values: arch='x86_64', bitbucket_account='raven', builddir='/tmp/vsc44588/easybuild/build/Raven/1.8.1/GCC-11.2.0', github_account='raven', installdir='/scratch/gent/vo/001/gvo00117/easybuild/RHEL8/haswell-ib/software/Raven/1.8.1-GCC-11.2.0', module_name='Raven/1.8.1-GCC-11.2.0', name='Raven', nameletter='R', nameletterlower='r', namelower='raven', parallel='8', pymajver='3', pyminver='9', pyshortver='3.9', pyver='3.9.6', toolchain_name='GCC', toolchain_version='11.2.0', version='1.8.1', version_major='1', version_major_minor='1.8', version_minor='8', versionprefix='', versionsuffix=''
== 2022-07-07 17:37:09,885 easyblock.py:3754 INFO Running method extensions_step part of step extensions
== 2022-07-07 17:37:10,117 filetools.py:1882 INFO Creating directory /tmp/vsc44588/eb-zmprg4uc/tmpw2a9ae8k/all/Raven (parents: True, set_gid: False, sticky: False)
== 2022-07-07 17:37:10,118 easyblock.py:3562 INFO Module file /tmp/vsc44588/eb-zmprg4uc/tmpw2a9ae8k/all/Raven/1.8.1-GCC-11.2.0.lua written: help([==[

Description
===========
Raven is a de novo genome assembler for long uncorrected reads.


More information
================
 - Homepage: https://github.com/lbcb-sci/raven


Included extensions
===================
Raven-1.8.1
]==])

whatis([==[Description: Raven is a de novo genome assembler for long uncorrected reads.]==])
whatis([==[Homepage: https://github.com/lbcb-sci/raven]==])
whatis([==[URL: https://github.com/lbcb-sci/raven]==])
whatis([==[Extensions: Raven-1.8.1]==])

local root = "/scratch/gent/vo/001/gvo00117/easybuild/RHEL8/haswell-ib/software/Raven/1.8.1-GCC-11.2.0"

conflict("Raven")

if not ( isloaded("GCC/11.2.0") ) then
    load("GCC/11.2.0")
end

if not ( isloaded("Python/3.9.6-GCCcore-11.2.0") ) then
    load("Python/3.9.6-GCCcore-11.2.0")
end

if not ( isloaded("zlib/1.2.11-GCCcore-11.2.0") ) then
    load("zlib/1.2.11-GCCcore-11.2.0")
end

prepend_path("CMAKE_LIBRARY_PATH", pathJoin(root, "lib64"))
prepend_path("CMAKE_PREFIX_PATH", root)
prepend_path("CPATH", pathJoin(root, "include"))
prepend_path("LD_LIBRARY_PATH", pathJoin(root, "lib64"))
prepend_path("LIBRARY_PATH", pathJoin(root, "lib64"))
setenv("EBROOTRAVEN", root)
setenv("EBVERSIONRAVEN", "1.8.1")
setenv("EBDEVELRAVEN", pathJoin(root, "easybuild/Raven-1.8.1-GCC-11.2.0-easybuild-devel"))

-- Built with EasyBuild version 4.5.4.dev0-rd559852df0618afeba101601360e98ee4f005ff6
setenv("EBEXTSLISTRAVEN", "Raven-1.8.1")

== 2022-07-07 17:37:10,118 filetools.py:1882 INFO Creating directory /tmp/vsc44588/eb-zmprg4uc/tmpw2a9ae8k/bio/Raven (parents: True, set_gid: False, sticky: False)
== 2022-07-07 17:37:10,119 easyblock.py:3593 INFO Skipping devel module...
== 2022-07-07 17:37:10,119 filetools.py:337 INFO Symlinked 1.8.1-GCC-11.2.0.lua to /tmp/vsc44588/eb-zmprg4uc/tmpw2a9ae8k/all/Raven/default
== 2022-07-07 17:37:10,119 module_generator.py:1460 INFO Module default version file written to point to /tmp/vsc44588/eb-zmprg4uc/tmpw2a9ae8k/all/Raven/default
== 2022-07-07 17:37:11,308 environment.py:91 INFO Environment variable __LMOD_REF_COUNT_PATH set to /usr/libexec/jobcli:1;/usr/local/bin:1;/usr/bin:1;/usr/local/sbin:1;/usr/sbin:1;/user/gent/445/vsc44588/.dotnet/tools:1 (previous value: '/apps/gent/RHEL8/haswell-ib/software/Python/3.9.6-GCCcore-11.2.0/bin:1;/apps/gent/RHEL8/haswell-ib/software/SQLite/3.36-GCCcore-11.2.0/bin:1;/apps/gent/RHEL8/haswell-ib/software/Tcl/8.6.11-GCCcore-11.2.0/bin:1;/apps/gent/RHEL8/haswell-ib/software/CMake/3.22.1-GCCcore-11.2.0/bin:1;/apps/gent/RHEL8/haswell-ib/software/libarchive/3.5.1-GCCcore-11.2.0/bin:1;/apps/gent/RHEL8/haswell-ib/software/XZ/5.2.5-GCCcore-11.2.0/bin:1;/apps/gent/RHEL8/haswell-ib/software/cURL/7.78.0-GCCcore-11.2.0/bin:1;/apps/gent/RHEL8/haswell-ib/software/OpenSSL/1.1/bin:1;/apps/gent/RHEL8/haswell-ib/software/bzip2/1.0.8-GCCcore-11.2.0/bin:1;/apps/gent/RHEL8/haswell-ib/software/ncurses/6.2-GCCcore-11.2.0/bin:1;/apps/gent/RHEL8/haswell-ib/software/binutils/2.37-GCCcore-11.2.0/bin:1;/apps/gent/RHEL8/haswell-ib/software/GCCcore/11.2.0/bin:1;/user/gent/445/vsc44588/.local/bin:1;/user/gent/445/vsc44588/easybuild/easybuild-framework:1;/usr/libexec/jobcli:1;/usr/local/bin:1;/usr/bin:1;/usr/local/sbin:1;/usr/sbin:1;/user/gent/445/vsc44588/.dotnet/tools:1')
== 2022-07-07 17:37:11,308 environment.py:91 INFO Environment variable _ModuleTable002_ set to cGF0aEEgPSB7CiIvc2NyYXRjaC9nZW50L3ZvLzAwMS9ndm8wMDExNy9lYXN5YnVpbGQvUkhFTDgvaGFzd2VsbC1pYi9tb2R1bGVzL2FsbCIsICIvYXBwcy9nZW50L1JIRUw4L2hhc3dlbGwtaWIvbW9kdWxlcy9hbGwiLCAiL2V0Yy9tb2R1bGVmaWxlcy92c2MiLAp9LApzeXN0ZW1CYXNlTVBBVEggPSAiL2V0Yy9tb2R1bGVmaWxlcy92c2MiLAp9Cg== (previous value: 'PSAiMDAwMDAwMDAzLjAwMDAwMDAyMi4wMDAwMDAwMDEuKmdjY2NvcmUuKnpmaW5hbC0uMDAwMDAwMDExLjAwMDAwMDAwMi4qemZpbmFsIiwKfSwKR0NDID0gewpmbiA9ICIvYXBwcy9nZW50L1JIRUw4L2hhc3dlbGwtaWIvbW9kdWxlcy9hbGwvR0NDLzExLjIuMC5sdWEiLApmdWxsTmFtZSA9ICJHQ0MvMTEuMi4wIiwKbG9hZE9yZGVyID0gNCwKcHJvcFQgPSB7fSwKc3RhY2tEZXB0aCA9IDAsCnN0YXR1cyA9ICJhY3RpdmUiLAp1c2VyTmFtZSA9ICJHQ0MvMTEuMi4wIiwKd1YgPSAiMDAwMDAwMDExLjAwMDAwMDAwMi4qemZpbmFsIiwKfSwKR0NDY29yZSA9IHsKZm4gPSAiL2FwcHMvZ2VudC9SSEVMOC9oYXN3ZWxsLWliL21vZHVsZXMvYWxsL0dDQ2NvcmUvMTEuMi4wLmx1YSIs')
== 2022-07-07 17:37:11,309 environment.py:91 INFO Environment variable __LMOD_REF_COUNT_MODULEPATH set to /scratch/gent/vo/001/gvo00117/easybuild/RHEL8/haswell-ib/modules/all:1;/apps/gent/RHEL8/haswell-ib/modules/all:1;/etc/modulefiles/vsc:1 (previous value: '/tmp/vsc44588/eb-zmprg4uc/tmpw2a9ae8k/all:1;/scratch/gent/vo/001/gvo00117/easybuild/RHEL8/haswell-ib/modules/all:1;/apps/gent/RHEL8/haswell-ib/modules/all:1;/etc/modulefiles/vsc:1')
== 2022-07-07 17:37:11,309 environment.py:91 INFO Environment variable _ModuleTable001_ set to X01vZHVsZVRhYmxlXyA9IHsKTVR2ZXJzaW9uID0gMywKY19yZWJ1aWxkVGltZSA9IDcyMDAuMCwKY19zaG9ydFRpbWUgPSAwLjI4MTY2MTAzMzYzMDM3LApkZXB0aFQgPSB7fSwKZmFtaWx5ID0gewpjbHVzdGVyID0gImNsdXN0ZXIiLAp9LAptVCA9IHsKY2x1c3RlciA9IHsKZm4gPSAiL2V0Yy9tb2R1bGVmaWxlcy92c2MvY2x1c3Rlci9zbGFraW5nLmx1YSIsCmZ1bGxOYW1lID0gImNsdXN0ZXIvc2xha2luZyIsCmxvYWRPcmRlciA9IDEsCnByb3BUID0gewpsbW9kID0gewpzdGlja3kgPSAxLAp9LAp9LApzdGFja0RlcHRoID0gMCwKc3RhdHVzID0gImFjdGl2ZSIsCnVzZXJOYW1lID0gImNsdXN0ZXIvc2xha2luZyIsCndWID0gIipzbGFraW5nLip6ZmluYWwiLAp9LAp9LApt (previous value: 'X01vZHVsZVRhYmxlXyA9IHsKTVR2ZXJzaW9uID0gMywKY19yZWJ1aWxkVGltZSA9IDcyMDAuMCwKY19zaG9ydFRpbWUgPSAwLjI4MTY2MTAzMzYzMDM3LApkZXB0aFQgPSB7fSwKZmFtaWx5ID0gewpjbHVzdGVyID0gImNsdXN0ZXIiLAp9LAptVCA9IHsKQ01ha2UgPSB7CmZuID0gIi9hcHBzL2dlbnQvUkhFTDgvaGFzd2VsbC1pYi9tb2R1bGVzL2FsbC9DTWFrZS8zLjIyLjEtR0NDY29yZS0xMS4yLjAubHVhIiwKZnVsbE5hbWUgPSAiQ01ha2UvMy4yMi4xLUdDQ2NvcmUtMTEuMi4wIiwKbG9hZE9yZGVyID0gMTEsCnByb3BUID0ge30sCnN0YWNrRGVwdGggPSAwLApzdGF0dXMgPSAiYWN0aXZlIiwKdXNlck5hbWUgPSAiQ01ha2UvMy4yMi4xLUdDQ2NvcmUtMTEuMi4wIiwKd1Yg')
== 2022-07-07 17:37:11,309 environment.py:91 INFO Environment variable LOADEDMODULES set to cluster/slaking (previous value: 'cluster/slaking:GCCcore/11.2.0:binutils/2.37-GCCcore-11.2.0:GCC/11.2.0:ncurses/6.2-GCCcore-11.2.0:bzip2/1.0.8-GCCcore-11.2.0:OpenSSL/1.1:cURL/7.78.0-GCCcore-11.2.0:XZ/5.2.5-GCCcore-11.2.0:libarchive/3.5.1-GCCcore-11.2.0:CMake/3.22.1-GCCcore-11.2.0:libreadline/8.1-GCCcore-11.2.0:Tcl/8.6.11-GCCcore-11.2.0:SQLite/3.36-GCCcore-11.2.0:GMP/6.2.1-GCCcore-11.2.0:libffi/3.4.2-GCCcore-11.2.0:Python/3.9.6-GCCcore-11.2.0:zlib/1.2.11-GCCcore-11.2.0')
== 2022-07-07 17:37:11,310 environment.py:91 INFO Environment variable _ModuleTable_Sz_ set to 2 (previous value: '16')
== 2022-07-07 17:37:11,310 environment.py:91 INFO Environment variable MANPATH set to : (previous value: '/apps/gent/RHEL8/haswell-ib/software/zlib/1.2.11-GCCcore-11.2.0/share/man:/apps/gent/RHEL8/haswell-ib/software/Python/3.9.6-GCCcore-11.2.0/share/man:/apps/gent/RHEL8/haswell-ib/software/Python/3.9.6-GCCcore-11.2.0/man:/apps/gent/RHEL8/haswell-ib/software/libffi/3.4.2-GCCcore-11.2.0/share/man:/apps/gent/RHEL8/haswell-ib/software/SQLite/3.36-GCCcore-11.2.0/share/man:/apps/gent/RHEL8/haswell-ib/software/Tcl/8.6.11-GCCcore-11.2.0/share/man:/apps/gent/RHEL8/haswell-ib/software/Tcl/8.6.11-GCCcore-11.2.0/man:/apps/gent/RHEL8/haswell-ib/software/libreadline/8.1-GCCcore-11.2.0/share/man:/apps/gent/RHEL8/haswell-ib/software/libarchive/3.5.1-GCCcore-11.2.0/share/man:/apps/gent/RHEL8/haswell-ib/software/XZ/5.2.5-GCCcore-11.2.0/share/man:/apps/gent/RHEL8/haswell-ib/software/cURL/7.78.0-GCCcore-11.2.0/share/man:/apps/gent/RHEL8/haswell-ib/software/bzip2/1.0.8-GCCcore-11.2.0/man:/apps/gent/RHEL8/haswell-ib/software/ncurses/6.2-GCCcore-11.2.0/share/man:/apps/gent/RHEL8/haswell-ib/software/binutils/2.37-GCCcore-11.2.0/share/man:/apps/gent/RHEL8/haswell-ib/software/GCCcore/11.2.0/share/man::')
== 2022-07-07 17:37:11,310 environment.py:91 INFO Environment variable MODULEPATH set to /scratch/gent/vo/001/gvo00117/easybuild/RHEL8/haswell-ib/modules/all:/apps/gent/RHEL8/haswell-ib/modules/all:/etc/modulefiles/vsc (previous value: '/tmp/vsc44588/eb-zmprg4uc/tmpw2a9ae8k/all:/scratch/gent/vo/001/gvo00117/easybuild/RHEL8/haswell-ib/modules/all:/apps/gent/RHEL8/haswell-ib/modules/all:/etc/modulefiles/vsc')
== 2022-07-07 17:37:11,311 environment.py:91 INFO Environment variable PATH set to /user/gent/445/vsc44588/.local/bin:/user/gent/445/vsc44588/easybuild/easybuild-framework:/usr/libexec/jobcli:/usr/local/bin:/usr/bin:/usr/local/sbin:/usr/sbin:/user/gent/445/vsc44588/.dotnet/tools (previous value: '/apps/gent/RHEL8/haswell-ib/software/Python/3.9.6-GCCcore-11.2.0/bin:/apps/gent/RHEL8/haswell-ib/software/SQLite/3.36-GCCcore-11.2.0/bin:/apps/gent/RHEL8/haswell-ib/software/Tcl/8.6.11-GCCcore-11.2.0/bin:/apps/gent/RHEL8/haswell-ib/software/CMake/3.22.1-GCCcore-11.2.0/bin:/apps/gent/RHEL8/haswell-ib/software/libarchive/3.5.1-GCCcore-11.2.0/bin:/apps/gent/RHEL8/haswell-ib/software/XZ/5.2.5-GCCcore-11.2.0/bin:/apps/gent/RHEL8/haswell-ib/software/cURL/7.78.0-GCCcore-11.2.0/bin:/apps/gent/RHEL8/haswell-ib/software/OpenSSL/1.1/bin:/apps/gent/RHEL8/haswell-ib/software/bzip2/1.0.8-GCCcore-11.2.0/bin:/apps/gent/RHEL8/haswell-ib/software/ncurses/6.2-GCCcore-11.2.0/bin:/apps/gent/RHEL8/haswell-ib/software/binutils/2.37-GCCcore-11.2.0/bin:/apps/gent/RHEL8/haswell-ib/software/GCCcore/11.2.0/bin:/user/gent/445/vsc44588/.local/bin:/user/gent/445/vsc44588/easybuild/easybuild-framework:/usr/libexec/jobcli:/usr/local/bin:/usr/bin:/usr/local/sbin:/usr/sbin:/user/gent/445/vsc44588/.dotnet/tools')
== 2022-07-07 17:37:11,311 environment.py:91 INFO Environment variable _LMFILES_ set to /etc/modulefiles/vsc/cluster/slaking.lua (previous value: '/etc/modulefiles/vsc/cluster/slaking.lua:/apps/gent/RHEL8/haswell-ib/modules/all/GCCcore/11.2.0.lua:/apps/gent/RHEL8/haswell-ib/modules/all/binutils/2.37-GCCcore-11.2.0.lua:/apps/gent/RHEL8/haswell-ib/modules/all/GCC/11.2.0.lua:/apps/gent/RHEL8/haswell-ib/modules/all/ncurses/6.2-GCCcore-11.2.0.lua:/apps/gent/RHEL8/haswell-ib/modules/all/bzip2/1.0.8-GCCcore-11.2.0.lua:/apps/gent/RHEL8/haswell-ib/modules/all/OpenSSL/1.1.lua:/apps/gent/RHEL8/haswell-ib/modules/all/cURL/7.78.0-GCCcore-11.2.0.lua:/apps/gent/RHEL8/haswell-ib/modules/all/XZ/5.2.5-GCCcore-11.2.0.lua:/apps/gent/RHEL8/haswell-ib/modules/all/libarchive/3.5.1-GCCcore-11.2.0.lua:/apps/gent/RHEL8/haswell-ib/modules/all/CMake/3.22.1-GCCcore-11.2.0.lua:/apps/gent/RHEL8/haswell-ib/modules/all/libreadline/8.1-GCCcore-11.2.0.lua:/apps/gent/RHEL8/haswell-ib/modules/all/Tcl/8.6.11-GCCcore-11.2.0.lua:/apps/gent/RHEL8/haswell-ib/modules/all/SQLite/3.36-GCCcore-11.2.0.lua:/apps/gent/RHEL8/haswell-ib/modules/all/GMP/6.2.1-GCCcore-11.2.0.lua:/apps/gent/RHEL8/haswell-ib/modules/all/libffi/3.4.2-GCCcore-11.2.0.lua:/apps/gent/RHEL8/haswell-ib/modules/all/Python/3.9.6-GCCcore-11.2.0.lua:/apps/gent/RHEL8/haswell-ib/modules/all/zlib/1.2.11-GCCcore-11.2.0.lua')
== 2022-07-07 17:37:11,315 modules.py:472 INFO $MODULEPATH set via list of module paths (w/ 'module use'): /tmp/vsc44588/eb-zmprg4uc/tmpw2a9ae8k/all:/scratch/gent/vo/001/gvo00117/easybuild/RHEL8/haswell-ib/modules/all:/apps/gent/RHEL8/haswell-ib/modules/all:/etc/modulefiles/vsc
== 2022-07-07 17:37:13,514 environment.py:91 INFO Environment variable LD_LIBRARY_PATH set to /scratch/gent/vo/001/gvo00117/easybuild/RHEL8/haswell-ib/software/Raven/1.8.1-GCC-11.2.0/lib64:/apps/gent/RHEL8/haswell-ib/software/Python/3.9.6-GCCcore-11.2.0/lib:/apps/gent/RHEL8/haswell-ib/software/libffi/3.4.2-GCCcore-11.2.0/lib64:/apps/gent/RHEL8/haswell-ib/software/GMP/6.2.1-GCCcore-11.2.0/lib:/apps/gent/RHEL8/haswell-ib/software/SQLite/3.36-GCCcore-11.2.0/lib:/apps/gent/RHEL8/haswell-ib/software/Tcl/8.6.11-GCCcore-11.2.0/lib:/apps/gent/RHEL8/haswell-ib/software/libreadline/8.1-GCCcore-11.2.0/lib:/apps/gent/RHEL8/haswell-ib/software/binutils/2.37-GCCcore-11.2.0/lib:/apps/gent/RHEL8/haswell-ib/software/libarchive/3.5.1-GCCcore-11.2.0/lib:/apps/gent/RHEL8/haswell-ib/software/XZ/5.2.5-GCCcore-11.2.0/lib:/apps/gent/RHEL8/haswell-ib/software/cURL/7.78.0-GCCcore-11.2.0/lib:/apps/gent/RHEL8/haswell-ib/software/OpenSSL/1.1/lib:/apps/gent/RHEL8/haswell-ib/software/bzip2/1.0.8-GCCcore-11.2.0/lib:/apps/gent/RHEL8/haswell-ib/software/zlib/1.2.11-GCCcore-11.2.0/lib:/apps/gent/RHEL8/haswell-ib/software/ncurses/6.2-GCCcore-11.2.0/lib:/apps/gent/RHEL8/haswell-ib/software/GCCcore/11.2.0/lib64 (previous value: '/scratch/gent/vo/001/gvo00117/easybuild/RHEL8/haswell-ib/software/Raven/1.8.1-GCC-11.2.0/lib64:/apps/gent/RHEL8/haswell-ib/software/Python/3.9.6-GCCcore-11.2.0/lib:/apps/gent/RHEL8/haswell-ib/software/libffi/3.4.2-GCCcore-11.2.0/lib64:/apps/gent/RHEL8/haswell-ib/software/GMP/6.2.1-GCCcore-11.2.0/lib:/apps/gent/RHEL8/haswell-ib/software/SQLite/3.36-GCCcore-11.2.0/lib:/apps/gent/RHEL8/haswell-ib/software/Tcl/8.6.11-GCCcore-11.2.0/lib:/apps/gent/RHEL8/haswell-ib/software/libreadline/8.1-GCCcore-11.2.0/lib:/apps/gent/RHEL8/haswell-ib/software/binutils/2.37-GCCcore-11.2.0/lib')
== 2022-07-07 17:37:13,515 easyblock.py:2737 INFO Installing extensions
== 2022-07-07 17:37:13,607 easyconfig.py:462 INFO Performing quick parse to check for valid easyconfig file...
== 2022-07-07 17:37:13,609 environment.py:91 INFO Environment variable LMOD_QUIET set to 1 (previous value: '1')
== 2022-07-07 17:37:13,610 environment.py:91 INFO Environment variable LMOD_IGNORE_CACHE set to 1 (previous value: '1')
== 2022-07-07 17:37:13,610 environment.py:91 INFO Environment variable LMOD_REDIRECT set to no (previous value: 'no')
== 2022-07-07 17:37:13,610 environment.py:91 INFO Environment variable LMOD_EXTENDED_DEFAULT set to no (previous value: 'no')
== 2022-07-07 17:37:13,611 modules.py:299 INFO Full path for Lmod command is /usr/share/lmod/lmod/libexec/lmod, so using it
== 2022-07-07 17:37:13,612 modules.py:455 INFO Prepended list of module paths with path used by EasyBuild: /scratch/gent/vo/001/gvo00117/easybuild/RHEL8/haswell-ib/modules/all
== 2022-07-07 17:37:13,613 easyconfig.py:471 INFO Obtained list of valid module classes: ['base', 'astro', 'bio', 'cae', 'chem', 'compiler', 'data', 'debugger', 'devel', 'geo', 'ide', 'lang', 'lib', 'math', 'mpi', 'numlib', 'perf', 'quantum', 'phys', 'system', 'toolchain', 'tools', 'vis']
== 2022-07-07 17:37:13,615 easyconfig.py:1892 INFO Derived full easyblock module path for CMakeMake: easybuild.easyblocks.generic.cmakemake
== 2022-07-07 17:37:13,615 easyconfig.py:1939 INFO Successfully obtained class 'CMakeMake' for easyblock 'CMakeMake' (software name 'Raven')
== 2022-07-07 17:37:13,615 easyconfig.py:703 INFO Parsing easyconfig file None with rawcontent: easyblock = "CMakeMake"

name = "Raven"
version = "1.8.1"

homepage = "https://github.com/lbcb-sci/raven"
description = "Raven is a de novo genome assembler for long uncorrected reads."

toolchain = {'name': 'GCC', 'version': '11.2.0'}

source_urls = ["https://github.com/lbcb-sci/raven/archive/refs/tags/"]
sources = ["%(version)s.tar.gz"]

builddependencies = [
    ('CMake', '3.22.1'),
]

dependencies = [
    ('Python', '3.9.6'),
    ('zlib', '1.2.11'),
]

use_pip = True
sanity_pip_check = True
exts_download_dep_fail = True

exts_defaultclass = 'PythonPackage'
exts_list = [
    (name, version, {
        'source_urls': ['https://github.com/lbcb-sci/raven/archive/refs/tags/'],
        'sources': ['%(version)s.tar.gz']
    })
]

sanity_check_paths = {
    'files': [],
    'dirs': ["/"]
}

moduleclass = "bio"
== 2022-07-07 17:37:13,616 parser.py:137 INFO Type checking of easyconfig parameter values passed!
== 2022-07-07 17:37:13,619 easyconfig.py:684 INFO setting easyconfig parameter builddependencies: value [('CMake', '3.22.1')] (type: <class 'list'>)
== 2022-07-07 17:37:13,619 easyconfig.py:684 INFO setting easyconfig parameter dependencies: value [('Python', '3.9.6'), ('zlib', '1.2.11')] (type: <class 'list'>)
== 2022-07-07 17:37:13,619 easyconfig.py:684 INFO setting easyconfig parameter description: value Raven is a de novo genome assembler for long uncorrected reads. (type: <class 'str'>)
== 2022-07-07 17:37:13,619 easyconfig.py:684 INFO setting easyconfig parameter easyblock: value CMakeMake (type: <class 'str'>)
== 2022-07-07 17:37:13,619 easyconfig.py:684 INFO setting easyconfig parameter exts_defaultclass: value PythonPackage (type: <class 'str'>)
== 2022-07-07 17:37:13,620 easyconfig.py:684 INFO setting easyconfig parameter exts_download_dep_fail: value True (type: <class 'bool'>)
== 2022-07-07 17:37:13,620 easyconfig.py:684 INFO setting easyconfig parameter exts_list: value [('Raven', '1.8.1', {'source_urls': ['https://github.com/lbcb-sci/raven/archive/refs/tags/'], 'sources': ['%(version)s.tar.gz']})] (type: <class 'list'>)
== 2022-07-07 17:37:13,620 easyconfig.py:684 INFO setting easyconfig parameter homepage: value https://github.com/lbcb-sci/raven (type: <class 'str'>)
== 2022-07-07 17:37:13,620 easyconfig.py:684 INFO setting easyconfig parameter moduleclass: value bio (type: <class 'str'>)
== 2022-07-07 17:37:13,620 easyconfig.py:684 INFO setting easyconfig parameter name: value Raven (type: <class 'str'>)
== 2022-07-07 17:37:13,620 easyconfig.py:684 INFO setting easyconfig parameter sanity_check_paths: value {'files': [], 'dirs': ['/']} (type: <class 'dict'>)
== 2022-07-07 17:37:13,620 easyconfig.py:684 INFO setting easyconfig parameter source_urls: value ['https://github.com/lbcb-sci/raven/archive/refs/tags/'] (type: <class 'list'>)
== 2022-07-07 17:37:13,621 easyconfig.py:684 INFO setting easyconfig parameter sources: value ['%(version)s.tar.gz'] (type: <class 'list'>)
== 2022-07-07 17:37:13,621 easyconfig.py:684 INFO setting easyconfig parameter toolchain: value {'name': 'GCC', 'version': '11.2.0'} (type: <class 'dict'>)
== 2022-07-07 17:37:13,621 easyconfig.py:684 INFO setting easyconfig parameter version: value 1.8.1 (type: <class 'str'>)
== 2022-07-07 17:37:13,621 easyconfig.py:745 INFO Parsing dependency specifications...
== 2022-07-07 17:37:13,622 easyconfig.py:1686 INFO Generating template values...
== 2022-07-07 17:37:13,625 easyconfig.py:1705 INFO Template values: arch='x86_64', bitbucket_account='raven', github_account='raven', name='Raven', nameletter='R', nameletterlower='r', namelower='raven', pymajver='3', pyminver='9', pyshortver='3.9', pyver='3.9.6', toolchain_name='GCC', toolchain_version='11.2.0', version='1.8.1', version_major='1', version_major_minor='1.8', version_minor='8', versionprefix='', versionsuffix=''
== 2022-07-07 17:37:14,474 modules.py:626 INFO Checking whether CMake/3.22.1-GCC-11.2.0 exists...
== 2022-07-07 17:37:14,475 modules.py:647 INFO Module CMake/3.22.1-GCC-11.2.0 not found via module avail/show, checking whether it is a wrapper
== 2022-07-07 17:37:14,476 modules.py:654 INFO Result for existence check of CMake/3.22.1-GCC-11.2.0 module: False
== 2022-07-07 17:37:14,476 easyconfig.py:2177 INFO Found loaded index for /user/gent/445/vsc44588/easybuild/easybuild-easyconfigs/easybuild/easyconfigs
== 2022-07-07 17:37:14,477 easyconfig.py:2353 INFO Minimally resolving dependency {'full_mod_name': None, 'short_mod_name': None, 'name': 'CMake', 'version': '3.22.1', 'versionsuffix': '', 'toolchain': {'name': 'GCC', 'version': '11.2.0'}, 'toolchain_inherited': True, 'system': False, 'hidden': False, 'build_only': True, 'external_module': False, 'external_module_metadata': {}} using toolchain {'name': 'GCCcore', 'version': '11.2.0'}
== 2022-07-07 17:37:14,479 modules.py:626 INFO Checking whether Python/3.9.6-GCC-11.2.0 exists...
== 2022-07-07 17:37:14,479 modules.py:647 INFO Module Python/3.9.6-GCC-11.2.0 not found via module avail/show, checking whether it is a wrapper
== 2022-07-07 17:37:14,480 modules.py:654 INFO Result for existence check of Python/3.9.6-GCC-11.2.0 module: False
== 2022-07-07 17:37:14,480 easyconfig.py:2177 INFO Found loaded index for /user/gent/445/vsc44588/easybuild/easybuild-easyconfigs/easybuild/easyconfigs
== 2022-07-07 17:37:14,481 easyconfig.py:2353 INFO Minimally resolving dependency {'full_mod_name': None, 'short_mod_name': None, 'name': 'Python', 'version': '3.9.6', 'versionsuffix': '', 'toolchain': {'name': 'GCC', 'version': '11.2.0'}, 'toolchain_inherited': True, 'system': False, 'hidden': False, 'build_only': False, 'external_module': False, 'external_module_metadata': {}} using toolchain {'name': 'GCCcore', 'version': '11.2.0'}
== 2022-07-07 17:37:14,483 modules.py:626 INFO Checking whether zlib/1.2.11-GCC-11.2.0 exists...
== 2022-07-07 17:37:14,483 modules.py:647 INFO Module zlib/1.2.11-GCC-11.2.0 not found via module avail/show, checking whether it is a wrapper
== 2022-07-07 17:37:14,483 modules.py:654 INFO Result for existence check of zlib/1.2.11-GCC-11.2.0 module: False
== 2022-07-07 17:37:14,484 easyconfig.py:2177 INFO Found loaded index for /user/gent/445/vsc44588/easybuild/easybuild-easyconfigs/easybuild/easyconfigs
== 2022-07-07 17:37:14,485 easyconfig.py:2353 INFO Minimally resolving dependency {'full_mod_name': None, 'short_mod_name': None, 'name': 'zlib', 'version': '1.2.11', 'versionsuffix': '', 'toolchain': {'name': 'GCC', 'version': '11.2.0'}, 'toolchain_inherited': True, 'system': False, 'hidden': False, 'build_only': False, 'external_module': False, 'external_module_metadata': {}} using toolchain {'name': 'GCCcore', 'version': '11.2.0'}
== 2022-07-07 17:37:14,485 easyconfig.py:818 WARNING Use of 2 unknown easyconfig parameters detected : sanity_pip_check, use_pip
If these are just local variables please rename them to start with 'local_', or try using --fix-deprecated-easyconfigs to do this automatically.
For more information, see https://easybuild.readthedocs.io/en/latest/Easyconfig-files-local-variables.html .
== 2022-07-07 17:37:14,496 pythonpackage.py:306 INFO Using default value for expected module name (lowercase software name): 'raven'
== 2022-07-07 17:37:14,497 pythonpackage.py:314 INFO Inherited setting for detection of downloaded dependencies from parent: True
== 2022-07-07 17:37:14,700 easyblock.py:1765 INFO Installing extensions sequentially...
== 2022-07-07 17:37:14,701 easyblock.py:1771 INFO Starting extension Raven
== 2022-07-07 17:37:14,701 build_log.py:265 INFO installing extension Raven 1.8.1 (1/1)...
== 2022-07-07 17:37:14,930 modules.py:626 INFO Checking whether GCC/11.2.0 exists...
== 2022-07-07 17:37:14,930 modules.py:634 INFO Module GCC/11.2.0 not found in list of available modules, checking via 'module show'...
== 2022-07-07 17:37:15,608 modules.py:654 INFO Result for existence check of GCC/11.2.0 module: True
== 2022-07-07 17:37:15,609 toolchain.py:760 INFO List of toolchain dependency modules and toolchain definition match!
== 2022-07-07 17:37:15,612 compiler.py:361 INFO _set_optimal_architecture: using march=native as optarch for x86_64.
== 2022-07-07 17:37:15,617 environment.py:91 INFO Environment variable CC set to gcc (previously undefined)
== 2022-07-07 17:37:15,618 environment.py:91 INFO Environment variable EBVARCC set to gcc (previously undefined)
== 2022-07-07 17:37:15,618 environment.py:91 INFO Environment variable CFLAGS set to -O2 -ftree-vectorize -march=native -fno-math-errno (previously undefined)
== 2022-07-07 17:37:15,618 environment.py:91 INFO Environment variable EBVARCFLAGS set to -O2 -ftree-vectorize -march=native -fno-math-errno (previously undefined)
== 2022-07-07 17:37:15,618 environment.py:91 INFO Environment variable CXX set to g++ (previously undefined)
== 2022-07-07 17:37:15,618 environment.py:91 INFO Environment variable EBVARCXX set to g++ (previously undefined)
== 2022-07-07 17:37:15,619 environment.py:91 INFO Environment variable CXXFLAGS set to -O2 -ftree-vectorize -march=native -fno-math-errno (previously undefined)
== 2022-07-07 17:37:15,619 environment.py:91 INFO Environment variable EBVARCXXFLAGS set to -O2 -ftree-vectorize -march=native -fno-math-errno (previously undefined)
== 2022-07-07 17:37:15,619 environment.py:91 INFO Environment variable F77 set to gfortran (previously undefined)
== 2022-07-07 17:37:15,619 environment.py:91 INFO Environment variable EBVARF77 set to gfortran (previously undefined)
== 2022-07-07 17:37:15,619 environment.py:91 INFO Environment variable F90 set to gfortran (previously undefined)
== 2022-07-07 17:37:15,619 environment.py:91 INFO Environment variable EBVARF90 set to gfortran (previously undefined)
== 2022-07-07 17:37:15,619 environment.py:91 INFO Environment variable F90FLAGS set to -O2 -ftree-vectorize -march=native -fno-math-errno (previously undefined)
== 2022-07-07 17:37:15,620 environment.py:91 INFO Environment variable EBVARF90FLAGS set to -O2 -ftree-vectorize -march=native -fno-math-errno (previously undefined)
== 2022-07-07 17:37:15,620 environment.py:91 INFO Environment variable FC set to gfortran (previously undefined)
== 2022-07-07 17:37:15,620 environment.py:91 INFO Environment variable EBVARFC set to gfortran (previously undefined)
== 2022-07-07 17:37:15,620 environment.py:91 INFO Environment variable FCFLAGS set to -O2 -ftree-vectorize -march=native -fno-math-errno (previously undefined)
== 2022-07-07 17:37:15,620 environment.py:91 INFO Environment variable EBVARFCFLAGS set to -O2 -ftree-vectorize -march=native -fno-math-errno (previously undefined)
== 2022-07-07 17:37:15,620 environment.py:91 INFO Environment variable FFLAGS set to -O2 -ftree-vectorize -march=native -fno-math-errno (previously undefined)
== 2022-07-07 17:37:15,621 environment.py:91 INFO Environment variable EBVARFFLAGS set to -O2 -ftree-vectorize -march=native -fno-math-errno (previously undefined)
== 2022-07-07 17:37:15,621 environment.py:91 INFO Environment variable FLIBS set to -lgfortran (previously undefined)
== 2022-07-07 17:37:15,621 environment.py:91 INFO Environment variable EBVARFLIBS set to -lgfortran (previously undefined)
== 2022-07-07 17:37:15,621 environment.py:91 INFO Environment variable LDFLAGS set to -L/apps/gent/RHEL8/haswell-ib/software/GCCcore/11.2.0/lib64 -L/apps/gent/RHEL8/haswell-ib/software/GCCcore/11.2.0/lib (previously undefined)
== 2022-07-07 17:37:15,621 environment.py:91 INFO Environment variable EBVARLDFLAGS set to -L/apps/gent/RHEL8/haswell-ib/software/GCCcore/11.2.0/lib64 -L/apps/gent/RHEL8/haswell-ib/software/GCCcore/11.2.0/lib (previously undefined)
== 2022-07-07 17:37:15,621 environment.py:91 INFO Environment variable LIBS set to -lm -lpthread (previously undefined)
== 2022-07-07 17:37:15,622 environment.py:91 INFO Environment variable EBVARLIBS set to -lm -lpthread (previously undefined)
== 2022-07-07 17:37:15,622 environment.py:91 INFO Environment variable OPTFLAGS set to -O2 -ftree-vectorize -march=native (previously undefined)
== 2022-07-07 17:37:15,622 environment.py:91 INFO Environment variable EBVAROPTFLAGS set to -O2 -ftree-vectorize -march=native (previously undefined)
== 2022-07-07 17:37:15,622 environment.py:91 INFO Environment variable PRECFLAGS set to -fno-math-errno (previously undefined)
== 2022-07-07 17:37:15,622 environment.py:91 INFO Environment variable EBVARPRECFLAGS set to -fno-math-errno (previously undefined)
== 2022-07-07 17:37:15,624 filetools.py:525 INFO Command python found at /apps/gent/RHEL8/haswell-ib/software/Python/3.9.6-GCCcore-11.2.0/bin/python
== 2022-07-07 17:37:15,624 pythonpackage.py:402 INFO Python command being used: /apps/gent/RHEL8/haswell-ib/software/Python/3.9.6-GCCcore-11.2.0/bin/python
== 2022-07-07 17:37:15,624 run.py:233 INFO running cmd: /apps/gent/RHEL8/haswell-ib/software/Python/3.9.6-GCCcore-11.2.0/bin/python -c 'import distutils.sysconfig; print(distutils.sysconfig.get_python_lib(plat_specific=False, prefix="/tmp/"))' 
== 2022-07-07 17:37:16,409 run.py:233 INFO running cmd: /apps/gent/RHEL8/haswell-ib/software/Python/3.9.6-GCCcore-11.2.0/bin/python -c 'import distutils.sysconfig; print(distutils.sysconfig.get_python_lib(plat_specific=True, prefix="/tmp/"))' 
== 2022-07-07 17:37:16,551 filetools.py:1882 INFO Creating directory /tmp/vsc44588/easybuild/build/Raven/1.8.1/GCC-11.2.0/Raven (parents: True, set_gid: False, sticky: False)
== 2022-07-07 17:37:16,564 run.py:233 INFO running cmd: tar xzf /data/gent/vo/001/gvo00117/easybuild/sources/r/Raven/1.8.1.tar.gz 
== 2022-07-07 17:37:16,672 build_log.py:265 INFO 	configuring...
== 2022-07-07 17:37:16,678 environment.py:91 INFO Environment variable PYTHONNOUSERSITE set to 1 (previously undefined)
== 2022-07-07 17:37:16,679 run.py:233 INFO running cmd: /apps/gent/RHEL8/haswell-ib/software/Python/3.9.6-GCCcore-11.2.0/bin/python -c 'import sys; print("%s.%s.%s" % sys.version_info[:3])' 
== 2022-07-07 17:37:16,781 pythonpackage.py:589 INFO Checking of $LDSHARED auto-enabled for sufficiently recent Python version 3.9.6
== 2022-07-07 17:37:16,782 pythonpackage.py:601 INFO Python's value for $LDSHARED ('gcc -pthread -shared -Wl,-z,relro  -Wl,-z,now  -g  -Wl,-z,relro  -Wl,-z,now  -g') uses current $CC value ('gcc'), not touching it
== 2022-07-07 17:37:16,782 run.py:233 INFO running cmd: /apps/gent/RHEL8/haswell-ib/software/Python/3.9.6-GCCcore-11.2.0/bin/python -V; /apps/gent/RHEL8/haswell-ib/software/Python/3.9.6-GCCcore-11.2.0/bin/python -c 'import sys; print(sys.executable, sys.path)' 
== 2022-07-07 17:37:16,895 build_log.py:265 INFO 	building...
== 2022-07-07 17:37:16,904 environment.py:91 INFO Environment variable CMAKE_INCLUDE_PATH set to  (previously undefined)
== 2022-07-07 17:37:16,904 environment.py:91 INFO Environment variable CMAKE_LIBRARY_PATH set to /apps/gent/RHEL8/haswell-ib/software/GCCcore/11.2.0/lib64:/apps/gent/RHEL8/haswell-ib/software/GCCcore/11.2.0/lib (previous value: '/scratch/gent/vo/001/gvo00117/easybuild/RHEL8/haswell-ib/software/Raven/1.8.1-GCC-11.2.0/lib64:/apps/gent/RHEL8/haswell-ib/software/libffi/3.4.2-GCCcore-11.2.0/lib64:/apps/gent/RHEL8/haswell-ib/software/GCCcore/11.2.0/lib64')
== 2022-07-07 17:37:16,913 run.py:233 INFO running cmd:  /apps/gent/RHEL8/haswell-ib/software/Python/3.9.6-GCCcore-11.2.0/bin/python setup.py build  
== 2022-07-07 17:37:22,876 build_log.py:169 ERROR EasyBuild crashed with an error (at easybuild/easybuild-framework/easybuild/base/exceptions.py:124 in __init__): cmd " /apps/gent/RHEL8/haswell-ib/software/Python/3.9.6-GCCcore-11.2.0/bin/python setup.py build " exited with exit code 1 and output:
running build
running build_ext
[ravenpy::setup.py] extdir: /tmp/vsc44588/easybuild/build/Raven/1.8.1/GCC-11.2.0/Raven/raven-1.8.1/build/lib.linux-x86_64-3.9
[ravenpy::setup.py] /tmp/vsc44588/easybuild/build/Raven/1.8.1/GCC-11.2.0/Raven/raven-1.8.1/build/lib.linux-x86_64-3.9/ravenpy_build/lib/ravenpy.cpython-39-x86_64-linux-gnu.so -> /tmp/vsc44588/easybuild/build/Raven/1.8.1/GCC-11.2.0/Raven/raven-1.8.1/build/lib.linux-x86_64-3.9/ravenpy.cpython-39-x86_64-linux-gnu.so

CMake Error: CMake was unable to find a build program corresponding to "Ninja".  CMAKE_MAKE_PROGRAM is not set.  You probably need to select a different build tool.
CMake Error: CMAKE_CXX_COMPILER not set, after EnableLanguage
-- Configuring incomplete, errors occurred!
See also "/tmp/vsc44588/easybuild/build/Raven/1.8.1/GCC-11.2.0/Raven/raven-1.8.1/build/lib.linux-x86_64-3.9/ravenpy_build/CMakeFiles/CMakeOutput.log".
Traceback (most recent call last):
  File "/tmp/vsc44588/easybuild/build/Raven/1.8.1/GCC-11.2.0/Raven/raven-1.8.1/setup.py", line 64, in <module>
    setup(
  File "/apps/gent/RHEL8/haswell-ib/software/Python/3.9.6-GCCcore-11.2.0/lib/python3.9/site-packages/setuptools/__init__.py", line 153, in setup
    return distutils.core.setup(**attrs)
  File "/apps/gent/RHEL8/haswell-ib/software/Python/3.9.6-GCCcore-11.2.0/lib/python3.9/distutils/core.py", line 148, in setup
    dist.run_commands()
  File "/apps/gent/RHEL8/haswell-ib/software/Python/3.9.6-GCCcore-11.2.0/lib/python3.9/distutils/dist.py", line 966, in run_commands
    self.run_command(cmd)
  File "/apps/gent/RHEL8/haswell-ib/software/Python/3.9.6-GCCcore-11.2.0/lib/python3.9/distutils/dist.py", line 985, in run_command
    cmd_obj.run()
  File "/apps/gent/RHEL8/haswell-ib/software/Python/3.9.6-GCCcore-11.2.0/lib/python3.9/distutils/command/build.py", line 135, in run
    self.run_command(cmd_name)
  File "/apps/gent/RHEL8/haswell-ib/software/Python/3.9.6-GCCcore-11.2.0/lib/python3.9/distutils/cmd.py", line 313, in run_command
    self.distribution.run_command(command)
  File "/apps/gent/RHEL8/haswell-ib/software/Python/3.9.6-GCCcore-11.2.0/lib/python3.9/distutils/dist.py", line 985, in run_command
    cmd_obj.run()
  File "/apps/gent/RHEL8/haswell-ib/software/Python/3.9.6-GCCcore-11.2.0/lib/python3.9/site-packages/setuptools/command/build_ext.py", line 79, in run
    _build_ext.run(self)
  File "/apps/gent/RHEL8/haswell-ib/software/Python/3.9.6-GCCcore-11.2.0/lib/python3.9/site-packages/Cython/Distutils/old_build_ext.py", line 186, in run
    _build_ext.build_ext.run(self)
  File "/apps/gent/RHEL8/haswell-ib/software/Python/3.9.6-GCCcore-11.2.0/lib/python3.9/distutils/command/build_ext.py", line 340, in run
    self.build_extensions()
  File "/apps/gent/RHEL8/haswell-ib/software/Python/3.9.6-GCCcore-11.2.0/lib/python3.9/site-packages/Cython/Distutils/old_build_ext.py", line 195, in build_extensions
    _build_ext.build_ext.build_extensions(self)
  File "/apps/gent/RHEL8/haswell-ib/software/Python/3.9.6-GCCcore-11.2.0/lib/python3.9/distutils/command/build_ext.py", line 449, in build_extensions
    self._build_extensions_serial()
  File "/apps/gent/RHEL8/haswell-ib/software/Python/3.9.6-GCCcore-11.2.0/lib/python3.9/distutils/command/build_ext.py", line 474, in _build_extensions_serial
    self.build_extension(ext)
  File "/tmp/vsc44588/easybuild/build/Raven/1.8.1/GCC-11.2.0/Raven/raven-1.8.1/setup.py", line 56, in build_extension
    subprocess.check_call(
  File "/apps/gent/RHEL8/haswell-ib/software/Python/3.9.6-GCCcore-11.2.0/lib/python3.9/subprocess.py", line 373, in check_call
    raise CalledProcessError(retcode, cmd)
subprocess.CalledProcessError: Command '['cmake', '/tmp/vsc44588/easybuild/build/Raven/1.8.1/GCC-11.2.0/Raven/raven-1.8.1', '-S /tmp/vsc44588/easybuild/build/Raven/1.8.1/GCC-11.2.0/Raven/raven-1.8.1', '-B /tmp/vsc44588/easybuild/build/Raven/1.8.1/GCC-11.2.0/Raven/raven-1.8.1/build/lib.linux-x86_64-3.9/ravenpy_build', '-DRAVEN_BUILD_PYTHON=1', '-DCMAKE_BUILD_TYPE=Release', '-DCMAKE_POSITION_INDEPENDENT_CODE=ON', '-GNinja']' returned non-zero exit status 1.
 (at easybuild/easybuild-framework/easybuild/tools/run.py:618 in parse_cmd_output)
== 2022-07-07 17:37:22,877 build_log.py:265 INFO 	... (took 8 secs)
== 2022-07-07 17:37:22,884 build_log.py:265 INFO ... (took 13 secs)
== 2022-07-07 17:37:22,891 filetools.py:1983 INFO Removing lock /scratch/gent/vo/001/gvo00117/easybuild/RHEL8/haswell-ib/software/.locks/_scratch_gent_vo_001_gvo00117_easybuild_RHEL8_haswell-ib_software_Raven_1.8.1-GCC-11.2.0.lock...
== 2022-07-07 17:37:22,892 filetools.py:382 INFO Path /scratch/gent/vo/001/gvo00117/easybuild/RHEL8/haswell-ib/software/.locks/_scratch_gent_vo_001_gvo00117_easybuild_RHEL8_haswell-ib_software_Raven_1.8.1-GCC-11.2.0.lock successfully removed.
== 2022-07-07 17:37:22,892 filetools.py:1987 INFO Lock removed: /scratch/gent/vo/001/gvo00117/easybuild/RHEL8/haswell-ib/software/.locks/_scratch_gent_vo_001_gvo00117_easybuild_RHEL8_haswell-ib_software_Raven_1.8.1-GCC-11.2.0.lock
== 2022-07-07 17:37:22,893 easyblock.py:4077 WARNING build failed (first 300 chars): cmd " /apps/gent/RHEL8/haswell-ib/software/Python/3.9.6-GCCcore-11.2.0/bin/python setup.py build " exited with exit code 1 and output:
running build
running build_ext
[ravenpy::setup.py] extdir: /tmp/vsc44588/easybuild/build/Raven/1.8.1/GCC-11.2.0/Raven/raven-1.8.1/build/lib.linux-x86_64-3.9
[ravenp
== 2022-07-07 17:37:22,894 easyblock.py:318 INFO Closing log for application name Raven version 1.8.1
